This is pdfTeX, Version 3.141592653-2.6-1.40.25 (MiKTeX 23.10.12) (preloaded format=pdflatex 2023.11.18)  24 NOV 2023 12:49
entering extended mode
 restricted \write18 enabled.
 file:line:error style messages enabled.
 %&-line parsing enabled.
**x:/TCC/TCC-apresentacao/document.tex
(x:/TCC/TCC-apresentacao/document.tex
LaTeX2e <2023-11-01>
L3 programming layer <2023-11-09>
(libs/ufc_format.cls
Document Class: libs/ufc_format 15/12/2020 v1.0 ufc template beamer
(P:\MiKTeX\tex/latex/beamer\beamer.cls
Document Class: beamer 2023/05/15 v3.70 A class for typesetting presentations
(P:\MiKTeX\tex/latex/beamer\beamerbasemodes.sty (P:\MiKTeX\tex/latex/etoolbox\etoolbox.sty
Package: etoolbox 2020/10/05 v2.5k e-TeX tools for LaTeX (JAW)
\etb@tempcnta=\count186
)
\beamer@tempbox=\box51
\beamer@tempcount=\count187
\c@beamerpauses=\count188
 (P:\MiKTeX\tex/latex/beamer\beamerbasedecode.sty
\beamer@slideinframe=\count189
\beamer@minimum=\count190
\beamer@decode@box=\box52
)
\beamer@commentbox=\box53
\beamer@modecount=\count191
) (P:\MiKTeX\tex/generic/iftex\iftex.sty
Package: iftex 2022/02/03 v1.0f TeX engine tests
)
\headdp=\dimen140
\footheight=\dimen141
\sidebarheight=\dimen142
\beamer@tempdim=\dimen143
\beamer@finalheight=\dimen144
\beamer@animht=\dimen145
\beamer@animdp=\dimen146
\beamer@animwd=\dimen147
\beamer@leftmargin=\dimen148
\beamer@rightmargin=\dimen149
\beamer@leftsidebar=\dimen150
\beamer@rightsidebar=\dimen151
\beamer@boxsize=\dimen152
\beamer@vboxoffset=\dimen153
\beamer@descdefault=\dimen154
\beamer@descriptionwidth=\dimen155
\beamer@lastskip=\skip48
\beamer@areabox=\box54
\beamer@animcurrent=\box55
\beamer@animshowbox=\box56
\beamer@sectionbox=\box57
\beamer@logobox=\box58
\beamer@linebox=\box59
\beamer@sectioncount=\count192
\beamer@subsubsectionmax=\count193
\beamer@subsectionmax=\count194
\beamer@sectionmax=\count195
\beamer@totalheads=\count196
\beamer@headcounter=\count197
\beamer@partstartpage=\count198
\beamer@sectionstartpage=\count199
\beamer@subsectionstartpage=\count266
\beamer@animationtempa=\count267
\beamer@animationtempb=\count268
\beamer@xpos=\count269
\beamer@ypos=\count270
\beamer@ypos@offset=\count271
\beamer@showpartnumber=\count272
\beamer@currentsubsection=\count273
\beamer@coveringdepth=\count274
\beamer@sectionadjust=\count275
\beamer@toclastsection=\count276
\beamer@tocsectionnumber=\count277
 (P:\MiKTeX\tex/latex/beamer\beamerbaseoptions.sty (P:\MiKTeX\tex/latex/graphics\keyval.sty
Package: keyval 2022/05/29 v1.15 key=value parser (DPC)
\KV@toks@=\toks17
))
\beamer@paperwidth=\skip49
\beamer@paperheight=\skip50
 (P:\MiKTeX\tex/latex/geometry\geometry.sty
Package: geometry 2020/01/02 v5.9 Page Geometry
 (P:\MiKTeX\tex/generic/iftex\ifvtex.sty
Package: ifvtex 2019/10/25 v1.7 ifvtex legacy package. Use iftex instead.
)
\Gm@cnth=\count278
\Gm@cntv=\count279
\c@Gm@tempcnt=\count280
\Gm@bindingoffset=\dimen156
\Gm@wd@mp=\dimen157
\Gm@odd@mp=\dimen158
\Gm@even@mp=\dimen159
\Gm@layoutwidth=\dimen160
\Gm@layoutheight=\dimen161
\Gm@layouthoffset=\dimen162
\Gm@layoutvoffset=\dimen163
\Gm@dimlist=\toks18
 (P:\MiKTeX\tex/latex/geometry\geometry.cfg)) (P:\MiKTeX\tex/latex/pgf/math\pgfmath.sty (P:\MiKTeX\tex/latex/pgf/utilities\pgfrcs.sty (P:\MiKTeX\tex/generic/pgf/utilities\pgfutil-common.tex
\pgfutil@everybye=\toks19
\pgfutil@tempdima=\dimen164
\pgfutil@tempdimb=\dimen165
) (P:\MiKTeX\tex/generic/pgf/utilities\pgfutil-latex.def
\pgfutil@abb=\box60
) (P:\MiKTeX\tex/generic/pgf/utilities\pgfrcs.code.tex (P:\MiKTeX\tex/generic/pgf\pgf.revision.tex)
Package: pgfrcs 2023-01-15 v3.1.10 (3.1.10)
)) (P:\MiKTeX\tex/latex/pgf/utilities\pgfkeys.sty (P:\MiKTeX\tex/generic/pgf/utilities\pgfkeys.code.tex
\pgfkeys@pathtoks=\toks20
\pgfkeys@temptoks=\toks21
 (P:\MiKTeX\tex/generic/pgf/utilities\pgfkeyslibraryfiltered.code.tex
\pgfkeys@tmptoks=\toks22
))) (P:\MiKTeX\tex/generic/pgf/math\pgfmath.code.tex (P:\MiKTeX\tex/generic/pgf/math\pgfmathutil.code.tex
\pgf@x=\dimen166
\pgf@xa=\dimen167
\pgf@xb=\dimen168
\pgf@xc=\dimen169
\pgf@y=\dimen170
\pgf@ya=\dimen171
\pgf@yb=\dimen172
\pgf@yc=\dimen173
\c@pgf@counta=\count281
\c@pgf@countb=\count282
\c@pgf@countc=\count283
\c@pgf@countd=\count284
) (P:\MiKTeX\tex/generic/pgf/math\pgfmathparser.code.tex
\pgfmath@dimen=\dimen174
\pgfmath@count=\count285
\pgfmath@box=\box61
\pgfmath@toks=\toks23
\pgfmath@stack@operand=\toks24
\pgfmath@stack@operation=\toks25
) (P:\MiKTeX\tex/generic/pgf/math\pgfmathfunctions.code.tex) (P:\MiKTeX\tex/generic/pgf/math\pgfmathfunctions.basic.code.tex) (P:\MiKTeX\tex/generic/pgf/math\pgfmathfunctions.trigonometric.code.tex) (P:\MiKTeX\tex/generic/pgf/math\pgfmathfunctions.random.code.tex) (P:\MiKTeX\tex/generic/pgf/math\pgfmathfunctions.comparison.code.tex) (P:\MiKTeX\tex/generic/pgf/math\pgfmathfunctions.base.code.tex) (P:\MiKTeX\tex/generic/pgf/math\pgfmathfunctions.round.code.tex) (P:\MiKTeX\tex/generic/pgf/math\pgfmathfunctions.misc.code.tex) (P:\MiKTeX\tex/generic/pgf/math\pgfmathfunctions.integerarithmetics.code.tex) (P:\MiKTeX\tex/generic/pgf/math\pgfmathcalc.code.tex) (P:\MiKTeX\tex/generic/pgf/math\pgfmathfloat.code.tex
\c@pgfmathroundto@lastzeros=\count286
))) (P:\MiKTeX\tex/latex/base\size10.clo
File: size10.clo 2023/05/17 v1.4n Standard LaTeX file (size option)
) (P:\MiKTeX\tex/latex/pgf/basiclayer\pgfcore.sty (P:\MiKTeX\tex/latex/graphics\graphicx.sty
Package: graphicx 2021/09/16 v1.2d Enhanced LaTeX Graphics (DPC,SPQR)
 (P:\MiKTeX\tex/latex/graphics\graphics.sty
Package: graphics 2022/03/10 v1.4e Standard LaTeX Graphics (DPC,SPQR)
 (P:\MiKTeX\tex/latex/graphics\trig.sty
Package: trig 2021/08/11 v1.11 sin cos tan (DPC)
) (P:\MiKTeX\tex/latex/graphics-cfg\graphics.cfg
File: graphics.cfg 2016/06/04 v1.11 sample graphics configuration
)
Package graphics Info: Driver file: pdftex.def on input line 107.
 (P:\MiKTeX\tex/latex/graphics-def\pdftex.def
File: pdftex.def 2022/09/22 v1.2b Graphics/color driver for pdftex
))
\Gin@req@height=\dimen175
\Gin@req@width=\dimen176
) (P:\MiKTeX\tex/latex/pgf/systemlayer\pgfsys.sty (P:\MiKTeX\tex/generic/pgf/systemlayer\pgfsys.code.tex
Package: pgfsys 2023-01-15 v3.1.10 (3.1.10)
\pgf@x=\dimen177
\pgf@y=\dimen178
\pgf@xa=\dimen179
\pgf@ya=\dimen180
\pgf@xb=\dimen181
\pgf@yb=\dimen182
\pgf@xc=\dimen183
\pgf@yc=\dimen184
\pgf@xd=\dimen185
\pgf@yd=\dimen186
\w@pgf@writea=\write3
\r@pgf@reada=\read2
\c@pgf@counta=\count287
\c@pgf@countb=\count288
\c@pgf@countc=\count289
\c@pgf@countd=\count290
\t@pgf@toka=\toks26
\t@pgf@tokb=\toks27
\t@pgf@tokc=\toks28
\pgf@sys@id@count=\count291
 (P:\MiKTeX\tex/generic/pgf/systemlayer\pgf.cfg
File: pgf.cfg 2023-01-15 v3.1.10 (3.1.10)
)
Driver file for pgf: pgfsys-pdftex.def
 (P:\MiKTeX\tex/generic/pgf/systemlayer\pgfsys-pdftex.def
File: pgfsys-pdftex.def 2023-01-15 v3.1.10 (3.1.10)
 (P:\MiKTeX\tex/generic/pgf/systemlayer\pgfsys-common-pdf.def
File: pgfsys-common-pdf.def 2023-01-15 v3.1.10 (3.1.10)
))) (P:\MiKTeX\tex/generic/pgf/systemlayer\pgfsyssoftpath.code.tex
File: pgfsyssoftpath.code.tex 2023-01-15 v3.1.10 (3.1.10)
\pgfsyssoftpath@smallbuffer@items=\count292
\pgfsyssoftpath@bigbuffer@items=\count293
) (P:\MiKTeX\tex/generic/pgf/systemlayer\pgfsysprotocol.code.tex
File: pgfsysprotocol.code.tex 2023-01-15 v3.1.10 (3.1.10)
)) (P:\MiKTeX\tex/latex/xcolor\xcolor.sty
Package: xcolor 2023/11/15 v3.01 LaTeX color extensions (UK)
 (P:\MiKTeX\tex/latex/graphics-cfg\color.cfg
File: color.cfg 2016/01/02 v1.6 sample color configuration
)
Package xcolor Info: Driver file: pdftex.def on input line 274.
 (P:\MiKTeX\tex/latex/graphics\mathcolor.ltx)
Package xcolor Info: Model `cmy' substituted by `cmy0' on input line 1350.
Package xcolor Info: Model `hsb' substituted by `rgb' on input line 1354.
Package xcolor Info: Model `RGB' extended on input line 1366.
Package xcolor Info: Model `HTML' substituted by `rgb' on input line 1368.
Package xcolor Info: Model `Hsb' substituted by `hsb' on input line 1369.
Package xcolor Info: Model `tHsb' substituted by `hsb' on input line 1370.
Package xcolor Info: Model `HSB' substituted by `hsb' on input line 1371.
Package xcolor Info: Model `Gray' substituted by `gray' on input line 1372.
Package xcolor Info: Model `wave' substituted by `hsb' on input line 1373.
) (P:\MiKTeX\tex/latex/xcolor\svgnam.def
File: svgnam.def 2023/11/15 v3.01 Predefined colors according to SVG 1.1 (UK)
) (P:\MiKTeX\tex/generic/pgf/basiclayer\pgfcore.code.tex
Package: pgfcore 2023-01-15 v3.1.10 (3.1.10)
 (P:\MiKTeX\tex/generic/pgf/math\pgfint.code.tex) (P:\MiKTeX\tex/generic/pgf/basiclayer\pgfcorepoints.code.tex
File: pgfcorepoints.code.tex 2023-01-15 v3.1.10 (3.1.10)
\pgf@picminx=\dimen187
\pgf@picmaxx=\dimen188
\pgf@picminy=\dimen189
\pgf@picmaxy=\dimen190
\pgf@pathminx=\dimen191
\pgf@pathmaxx=\dimen192
\pgf@pathminy=\dimen193
\pgf@pathmaxy=\dimen194
\pgf@xx=\dimen195
\pgf@xy=\dimen196
\pgf@yx=\dimen197
\pgf@yy=\dimen198
\pgf@zx=\dimen199
\pgf@zy=\dimen256
) (P:\MiKTeX\tex/generic/pgf/basiclayer\pgfcorepathconstruct.code.tex
File: pgfcorepathconstruct.code.tex 2023-01-15 v3.1.10 (3.1.10)
\pgf@path@lastx=\dimen257
\pgf@path@lasty=\dimen258
) (P:\MiKTeX\tex/generic/pgf/basiclayer\pgfcorepathusage.code.tex
File: pgfcorepathusage.code.tex 2023-01-15 v3.1.10 (3.1.10)
\pgf@shorten@end@additional=\dimen259
\pgf@shorten@start@additional=\dimen260
) (P:\MiKTeX\tex/generic/pgf/basiclayer\pgfcorescopes.code.tex
File: pgfcorescopes.code.tex 2023-01-15 v3.1.10 (3.1.10)
\pgfpic=\box62
\pgf@hbox=\box63
\pgf@layerbox@main=\box64
\pgf@picture@serial@count=\count294
) (P:\MiKTeX\tex/generic/pgf/basiclayer\pgfcoregraphicstate.code.tex
File: pgfcoregraphicstate.code.tex 2023-01-15 v3.1.10 (3.1.10)
\pgflinewidth=\dimen261
) (P:\MiKTeX\tex/generic/pgf/basiclayer\pgfcoretransformations.code.tex
File: pgfcoretransformations.code.tex 2023-01-15 v3.1.10 (3.1.10)
\pgf@pt@x=\dimen262
\pgf@pt@y=\dimen263
\pgf@pt@temp=\dimen264
) (P:\MiKTeX\tex/generic/pgf/basiclayer\pgfcorequick.code.tex
File: pgfcorequick.code.tex 2023-01-15 v3.1.10 (3.1.10)
) (P:\MiKTeX\tex/generic/pgf/basiclayer\pgfcoreobjects.code.tex
File: pgfcoreobjects.code.tex 2023-01-15 v3.1.10 (3.1.10)
) (P:\MiKTeX\tex/generic/pgf/basiclayer\pgfcorepathprocessing.code.tex
File: pgfcorepathprocessing.code.tex 2023-01-15 v3.1.10 (3.1.10)
) (P:\MiKTeX\tex/generic/pgf/basiclayer\pgfcorearrows.code.tex
File: pgfcorearrows.code.tex 2023-01-15 v3.1.10 (3.1.10)
\pgfarrowsep=\dimen265
) (P:\MiKTeX\tex/generic/pgf/basiclayer\pgfcoreshade.code.tex
File: pgfcoreshade.code.tex 2023-01-15 v3.1.10 (3.1.10)
\pgf@max=\dimen266
\pgf@sys@shading@range@num=\count295
\pgf@shadingcount=\count296
) (P:\MiKTeX\tex/generic/pgf/basiclayer\pgfcoreimage.code.tex
File: pgfcoreimage.code.tex 2023-01-15 v3.1.10 (3.1.10)
) (P:\MiKTeX\tex/generic/pgf/basiclayer\pgfcoreexternal.code.tex
File: pgfcoreexternal.code.tex 2023-01-15 v3.1.10 (3.1.10)
\pgfexternal@startupbox=\box65
) (P:\MiKTeX\tex/generic/pgf/basiclayer\pgfcorelayers.code.tex
File: pgfcorelayers.code.tex 2023-01-15 v3.1.10 (3.1.10)
) (P:\MiKTeX\tex/generic/pgf/basiclayer\pgfcoretransparency.code.tex
File: pgfcoretransparency.code.tex 2023-01-15 v3.1.10 (3.1.10)
) (P:\MiKTeX\tex/generic/pgf/basiclayer\pgfcorepatterns.code.tex
File: pgfcorepatterns.code.tex 2023-01-15 v3.1.10 (3.1.10)
) (P:\MiKTeX\tex/generic/pgf/basiclayer\pgfcorerdf.code.tex
File: pgfcorerdf.code.tex 2023-01-15 v3.1.10 (3.1.10)
))) (P:\MiKTeX\tex/latex/pgf/utilities\xxcolor.sty
Package: xxcolor 2003/10/24 ver 0.1
\XC@nummixins=\count297
\XC@countmixins=\count298
) (P:\MiKTeX\tex/latex/base\atbegshi-ltx.sty
Package: atbegshi-ltx 2021/01/10 v1.0c Emulation of the original atbegshi
package with kernel methods
) (P:\MiKTeX\tex/latex/hyperref\hyperref.sty
Package: hyperref 2023-11-09 v7.01f Hypertext links for LaTeX
 (P:\MiKTeX\tex/generic/ltxcmds\ltxcmds.sty
Package: ltxcmds 2020-05-10 v1.25 LaTeX kernel commands for general use (HO)
) (P:\MiKTeX\tex/generic/pdftexcmds\pdftexcmds.sty
Package: pdftexcmds 2020-06-27 v0.33 Utility functions of pdfTeX for LuaTeX (HO)
 (P:\MiKTeX\tex/generic/infwarerr\infwarerr.sty
Package: infwarerr 2019/12/03 v1.5 Providing info/warning/error messages (HO)
)
Package pdftexcmds Info: \pdf@primitive is available.
Package pdftexcmds Info: \pdf@ifprimitive is available.
Package pdftexcmds Info: \pdfdraftmode found.
) (P:\MiKTeX\tex/latex/kvsetkeys\kvsetkeys.sty
Package: kvsetkeys 2022-10-05 v1.19 Key value parser (HO)
) (P:\MiKTeX\tex/generic/kvdefinekeys\kvdefinekeys.sty
Package: kvdefinekeys 2019-12-19 v1.6 Define keys (HO)
) (P:\MiKTeX\tex/generic/pdfescape\pdfescape.sty
Package: pdfescape 2019/12/09 v1.15 Implements pdfTeX's escape features (HO)
) (P:\MiKTeX\tex/latex/hycolor\hycolor.sty
Package: hycolor 2020-01-27 v1.10 Color options for hyperref/bookmark (HO)
) (P:\MiKTeX\tex/latex/letltxmacro\letltxmacro.sty
Package: letltxmacro 2019/12/03 v1.6 Let assignment for LaTeX macros (HO)
) (P:\MiKTeX\tex/latex/auxhook\auxhook.sty
Package: auxhook 2019-12-17 v1.6 Hooks for auxiliary files (HO)
) (P:\MiKTeX\tex/latex/hyperref\nameref.sty
Package: nameref 2023-11-09 v2.55 Cross-referencing by name of section
 (P:\MiKTeX\tex/latex/refcount\refcount.sty
Package: refcount 2019/12/15 v3.6 Data extraction from label references (HO)
) (P:\MiKTeX\tex/generic/gettitlestring\gettitlestring.sty
Package: gettitlestring 2019/12/15 v1.6 Cleanup title references (HO)
 (P:\MiKTeX\tex/latex/kvoptions\kvoptions.sty
Package: kvoptions 2022-06-15 v3.15 Key value format for package options (HO)
))
\c@section@level=\count299
)
\@linkdim=\dimen267
\Hy@linkcounter=\count300
\Hy@pagecounter=\count301
 (P:\MiKTeX\tex/latex/hyperref\pd1enc.def
File: pd1enc.def 2023-11-09 v7.01f Hyperref: PDFDocEncoding definition (HO)
Now handling font encoding PD1 ...
... no UTF-8 mapping file for font encoding PD1
) (P:\MiKTeX\tex/generic/intcalc\intcalc.sty
Package: intcalc 2019/12/15 v1.3 Expandable calculations with integers (HO)
)
\Hy@SavedSpaceFactor=\count302
 (P:\MiKTeX\tex/latex/hyperref\puenc.def
File: puenc.def 2023-11-09 v7.01f Hyperref: PDF Unicode definition (HO)
Now handling font encoding PU ...
... no UTF-8 mapping file for font encoding PU
)
Package hyperref Info: Option `bookmarks' set `true' on input line 4054.
Package hyperref Info: Option `bookmarksopen' set `true' on input line 4054.
Package hyperref Info: Option `implicit' set `false' on input line 4054.
Package hyperref Info: Hyper figures OFF on input line 4171.
Package hyperref Info: Link nesting OFF on input line 4176.
Package hyperref Info: Hyper index ON on input line 4179.
Package hyperref Info: Plain pages OFF on input line 4186.
Package hyperref Info: Backreferencing OFF on input line 4191.
Package hyperref Info: Implicit mode OFF; no redefinition of LaTeX internals.
Package hyperref Info: Bookmarks ON on input line 4438.
\c@Hy@tempcnt=\count303
 (P:\MiKTeX\tex/latex/url\url.sty
\Urlmuskip=\muskip16
Package: url 2013/09/16  ver 3.4  Verb mode for urls, etc.
)
LaTeX Info: Redefining \url on input line 4776.
\XeTeXLinkMargin=\dimen268
 (P:\MiKTeX\tex/generic/bitset\bitset.sty
Package: bitset 2019/12/09 v1.3 Handle bit-vector datatype (HO)
 (P:\MiKTeX\tex/generic/bigintcalc\bigintcalc.sty
Package: bigintcalc 2019/12/15 v1.5 Expandable calculations on big integers (HO)
))
\Fld@menulength=\count304
\Field@Width=\dimen269
\Fld@charsize=\dimen270
Package hyperref Info: Hyper figures OFF on input line 6055.
Package hyperref Info: Link nesting OFF on input line 6060.
Package hyperref Info: Hyper index ON on input line 6063.
Package hyperref Info: backreferencing OFF on input line 6070.
Package hyperref Info: Link coloring OFF on input line 6075.
Package hyperref Info: Link coloring with OCG OFF on input line 6080.
Package hyperref Info: PDF/A mode OFF on input line 6085.
\Hy@abspage=\count305


Package hyperref Message: Stopped early.

)
Package hyperref Info: Driver (autodetected): hpdftex.
 (P:\MiKTeX\tex/latex/hyperref\hpdftex.def
File: hpdftex.def 2023-11-09 v7.01f Hyperref driver for pdfTeX
 (P:\MiKTeX\tex/latex/base\atveryend-ltx.sty
Package: atveryend-ltx 2020/08/19 v1.0a Emulation of the original atveryend package
with kernel methods
)
\Fld@listcount=\count306
\c@bookmark@seq@number=\count307
 (P:\MiKTeX\tex/latex/rerunfilecheck\rerunfilecheck.sty
Package: rerunfilecheck 2022-07-10 v1.10 Rerun checks for auxiliary files (HO)
 (P:\MiKTeX\tex/generic/uniquecounter\uniquecounter.sty
Package: uniquecounter 2019/12/15 v1.4 Provide unlimited unique counter (HO)
)
Package uniquecounter Info: New unique counter `rerunfilecheck' on input line 285.
)) (P:\MiKTeX\tex/latex/beamer\beamerbaserequires.sty (P:\MiKTeX\tex/latex/beamer\beamerbasecompatibility.sty) (P:\MiKTeX\tex/latex/beamer\beamerbasefont.sty (P:\MiKTeX\tex/latex/amsfonts\amssymb.sty
Package: amssymb 2013/01/14 v3.01 AMS font symbols
 (P:\MiKTeX\tex/latex/amsfonts\amsfonts.sty
Package: amsfonts 2013/01/14 v3.01 Basic AMSFonts support
\@emptytoks=\toks29
\symAMSa=\mathgroup4
\symAMSb=\mathgroup5
LaTeX Font Info:    Redeclaring math symbol \hbar on input line 98.
LaTeX Font Info:    Overwriting math alphabet `\mathfrak' in version `bold'
(Font)                  U/euf/m/n --> U/euf/b/n on input line 106.
)) (P:\MiKTeX\tex/latex/sansmathaccent\sansmathaccent.sty
Package: sansmathaccent 2020/01/31
 (P:\MiKTeX\tex/latex/koma-script\scrlfile.sty
Package: scrlfile 2023/07/07 v3.41 KOMA-Script package (file load hooks)
 (P:\MiKTeX\tex/latex/koma-script\scrlfile-hook.sty
Package: scrlfile-hook 2023/07/07 v3.41 KOMA-Script package (using LaTeX hooks)
 (P:\MiKTeX\tex/latex/koma-script\scrlogo.sty
Package: scrlogo 2023/07/07 v3.41 KOMA-Script package (logo)
))))) (P:\MiKTeX\tex/latex/beamer\beamerbasetranslator.sty (P:\MiKTeX\tex/latex/translator\translator.sty
Package: translator 2021-05-31 v1.12d Easy translation of strings in LaTeX
)) (P:\MiKTeX\tex/latex/beamer\beamerbasemisc.sty) (P:\MiKTeX\tex/latex/beamer\beamerbasetwoscreens.sty) (P:\MiKTeX\tex/latex/beamer\beamerbaseoverlay.sty
\beamer@argscount=\count308
\beamer@lastskipcover=\skip51
\beamer@trivlistdepth=\count309
) (P:\MiKTeX\tex/latex/beamer\beamerbasetitle.sty) (P:\MiKTeX\tex/latex/beamer\beamerbasesection.sty
\c@lecture=\count310
\c@part=\count311
\c@section=\count312
\c@subsection=\count313
\c@subsubsection=\count314
) (P:\MiKTeX\tex/latex/beamer\beamerbaseframe.sty
\beamer@framebox=\box66
\beamer@frametitlebox=\box67
\beamer@zoombox=\box68
\beamer@zoomcount=\count315
\beamer@zoomframecount=\count316
\beamer@frametextheight=\dimen271
\c@subsectionslide=\count317
\beamer@frametopskip=\skip52
\beamer@framebottomskip=\skip53
\beamer@frametopskipautobreak=\skip54
\beamer@framebottomskipautobreak=\skip55
\beamer@envbody=\toks30
\framewidth=\dimen272
\c@framenumber=\count318
) (P:\MiKTeX\tex/latex/beamer\beamerbaseverbatim.sty
\beamer@verbatimfileout=\write4
) (P:\MiKTeX\tex/latex/beamer\beamerbaseframesize.sty
\beamer@splitbox=\box69
\beamer@autobreakcount=\count319
\beamer@autobreaklastheight=\dimen273
\beamer@frametitletoks=\toks31
\beamer@framesubtitletoks=\toks32
) (P:\MiKTeX\tex/latex/beamer\beamerbaseframecomponents.sty
\beamer@footins=\box70
) (P:\MiKTeX\tex/latex/beamer\beamerbasecolor.sty) (P:\MiKTeX\tex/latex/beamer\beamerbasenotes.sty
\beamer@frameboxcopy=\box71
) (P:\MiKTeX\tex/latex/beamer\beamerbasetoc.sty) (P:\MiKTeX\tex/latex/beamer\beamerbasetemplates.sty
\beamer@sbttoks=\toks33
 (P:\MiKTeX\tex/latex/beamer\beamerbaseauxtemplates.sty (P:\MiKTeX\tex/latex/beamer\beamerbaseboxes.sty
\bmb@box=\box72
\bmb@colorbox=\box73
\bmb@boxwidth=\dimen274
\bmb@boxheight=\dimen275
\bmb@prevheight=\dimen276
\bmb@temp=\dimen277
\bmb@dima=\dimen278
\bmb@dimb=\dimen279
\bmb@prevheight=\dimen280
)
\beamer@blockheadheight=\dimen281
)) (P:\MiKTeX\tex/latex/beamer\beamerbaselocalstructure.sty (P:\MiKTeX\tex/latex/tools\enumerate.sty
Package: enumerate 2023/07/04 v3.00 enumerate extensions (DPC)
\@enLab=\toks34
)
\beamer@bibiconwidth=\skip56
\c@figure=\count320
\c@table=\count321
\abovecaptionskip=\skip57
\belowcaptionskip=\skip58
) (P:\MiKTeX\tex/latex/beamer\beamerbasenavigation.sty (P:\MiKTeX\tex/latex/beamer\beamerbasenavigationsymbols.tex)
\beamer@section@min@dim=\dimen282
) (P:\MiKTeX\tex/latex/beamer\beamerbasetheorems.sty (P:\MiKTeX\tex/latex/amsmath\amsmath.sty
Package: amsmath 2023/05/13 v2.17o AMS math features
\@mathmargin=\skip59

For additional information on amsmath, use the `?' option.
(P:\MiKTeX\tex/latex/amsmath\amstext.sty
Package: amstext 2021/08/26 v2.01 AMS text
 (P:\MiKTeX\tex/latex/amsmath\amsgen.sty
File: amsgen.sty 1999/11/30 v2.0 generic functions
\@emptytoks=\toks35
\ex@=\dimen283
)) (P:\MiKTeX\tex/latex/amsmath\amsbsy.sty
Package: amsbsy 1999/11/29 v1.2d Bold Symbols
\pmbraise@=\dimen284
) (P:\MiKTeX\tex/latex/amsmath\amsopn.sty
Package: amsopn 2022/04/08 v2.04 operator names
)
\inf@bad=\count322
LaTeX Info: Redefining \frac on input line 234.
\uproot@=\count323
\leftroot@=\count324
LaTeX Info: Redefining \overline on input line 399.
LaTeX Info: Redefining \colon on input line 410.
\classnum@=\count325
\DOTSCASE@=\count326
LaTeX Info: Redefining \ldots on input line 496.
LaTeX Info: Redefining \dots on input line 499.
LaTeX Info: Redefining \cdots on input line 620.
\Mathstrutbox@=\box74
\strutbox@=\box75
LaTeX Info: Redefining \big on input line 722.
LaTeX Info: Redefining \Big on input line 723.
LaTeX Info: Redefining \bigg on input line 724.
LaTeX Info: Redefining \Bigg on input line 725.
\big@size=\dimen285
LaTeX Font Info:    Redeclaring font encoding OML on input line 743.
LaTeX Font Info:    Redeclaring font encoding OMS on input line 744.
\macc@depth=\count327
LaTeX Info: Redefining \bmod on input line 905.
LaTeX Info: Redefining \pmod on input line 910.
LaTeX Info: Redefining \smash on input line 940.
LaTeX Info: Redefining \relbar on input line 970.
LaTeX Info: Redefining \Relbar on input line 971.
\c@MaxMatrixCols=\count328
\dotsspace@=\muskip17
\c@parentequation=\count329
\dspbrk@lvl=\count330
\tag@help=\toks36
\row@=\count331
\column@=\count332
\maxfields@=\count333
\andhelp@=\toks37
\eqnshift@=\dimen286
\alignsep@=\dimen287
\tagshift@=\dimen288
\tagwidth@=\dimen289
\totwidth@=\dimen290
\lineht@=\dimen291
\@envbody=\toks38
\multlinegap=\skip60
\multlinetaggap=\skip61
\mathdisplay@stack=\toks39
LaTeX Info: Redefining \[ on input line 2953.
LaTeX Info: Redefining \] on input line 2954.
) (P:\MiKTeX\tex/latex/amscls\amsthm.sty
Package: amsthm 2020/05/29 v2.20.6
\thm@style=\toks40
\thm@bodyfont=\toks41
\thm@headfont=\toks42
\thm@notefont=\toks43
\thm@headpunct=\toks44
\thm@preskip=\skip62
\thm@postskip=\skip63
\thm@headsep=\skip64
\dth@everypar=\toks45
)
\c@theorem=\count334
) (P:\MiKTeX\tex/latex/beamer\beamerbasethemes.sty)) (P:\MiKTeX\tex/latex/beamer\beamerthemedefault.sty (P:\MiKTeX\tex/latex/beamer\beamerfontthemedefault.sty) (P:\MiKTeX\tex/latex/beamer\beamercolorthemedefault.sty) (P:\MiKTeX\tex/latex/beamer\beamerinnerthemedefault.sty
\beamer@dima=\dimen292
\beamer@dimb=\dimen293
) (P:\MiKTeX\tex/latex/beamer\beamerouterthemedefault.sty))) (P:\MiKTeX\tex/latex/base\inputenc.sty
Package: inputenc 2021/02/14 v1.3d Input encoding file
\inpenc@prehook=\toks46
\inpenc@posthook=\toks47
) (P:\MiKTeX\tex/generic/babel\babel.sty
Package: babel 2023/11/11 v3.97 The Babel package
\babel@savecnt=\count335
\U@D=\dimen294
\l@unhyphenated=\language79
 (P:\MiKTeX\tex/generic/babel\txtbabel.def)
\bbl@readstream=\read3
LaTeX Info: Redefining \textlatin on input line 3953.
\bbl@dirlevel=\count336

*************************************
* Local config file bblopts.cfg used
*
(P:\MiKTeX\tex/latex/arabi\bblopts.cfg
File: bblopts.cfg 2005/09/08 v0.1 add Arabic and Farsi to "declared" options of babel
) (P:\MiKTeX\tex/latex/babel-portuges\brazil.ldf
Language: portuges 2021/07/09 v1.2t Portuguese support from the babel system
Package babel Info: Hyphen rules for 'brazil' set to \l@portuguese
(babel)             (\language56). Reported on input line 111.
Package babel Info: Making " an active character on input line 143.
)) (P:\MiKTeX\tex/latex/microtype\microtype.sty
Package: microtype 2023/03/13 v3.1a Micro-typographical refinements (RS)
\MT@toks=\toks48
\MT@tempbox=\box76
\MT@count=\count337
LaTeX Info: Redefining \noprotrusionifhmode on input line 1059.
LaTeX Info: Redefining \leftprotrusion on input line 1060.
\MT@prot@toks=\toks49
LaTeX Info: Redefining \rightprotrusion on input line 1078.
LaTeX Info: Redefining \textls on input line 1368.
\MT@outer@kern=\dimen295
LaTeX Info: Redefining \textmicrotypecontext on input line 1988.
\MT@listname@count=\count338
 (P:\MiKTeX\tex/latex/microtype\microtype-pdftex.def
File: microtype-pdftex.def 2023/03/13 v3.1a Definitions specific to pdftex (RS)
LaTeX Info: Redefining \lsstyle on input line 902.
LaTeX Info: Redefining \lslig on input line 902.
\MT@outer@space=\skip65
)
Package microtype Info: Loading configuration file microtype.cfg.
 (P:\MiKTeX\tex/latex/microtype\microtype.cfg
File: microtype.cfg 2023/03/13 v3.1a microtype main configuration file (RS)
)) (P:\MiKTeX\tex/latex/base\fontenc.sty
Package: fontenc 2021/04/29 v2.0v Standard LaTeX package
) (P:\MiKTeX\tex/latex/psnfss\helvet.sty
Package: helvet 2020/03/25 PSNFSS-v9.3 (WaS) 
) (P:\MiKTeX\tex/latex/pdfpages\pdfpages.sty
Package: pdfpages 2022/12/19 v0.5x Insert pages of external PDF documents (AM)
 (P:\MiKTeX\tex/latex/base\ifthen.sty
Package: ifthen 2022/04/13 v1.1d Standard LaTeX ifthen package (DPC)
) (P:\MiKTeX\tex/latex/tools\calc.sty
Package: calc 2023/07/08 v4.3 Infix arithmetic (KKT,FJ)
\calc@Acount=\count339
\calc@Bcount=\count340
\calc@Adimen=\dimen296
\calc@Bdimen=\dimen297
\calc@Askip=\skip66
\calc@Bskip=\skip67
LaTeX Info: Redefining \setlength on input line 80.
LaTeX Info: Redefining \addtolength on input line 81.
\calc@Ccount=\count341
\calc@Cskip=\skip68
) (P:\MiKTeX\tex/latex/eso-pic\eso-pic.sty
Package: eso-pic 2023/05/03 v3.0c eso-pic (RN)
\ESO@tempdima=\dimen298
\ESO@tempdimb=\dimen299
)
\AM@pagewidth=\dimen300
\AM@pageheight=\dimen301
\AM@fboxrule=\dimen302
 (P:\MiKTeX\tex/latex/pdfpages\pppdftex.def
File: pppdftex.def 2022/12/19 v0.5x Pdfpages driver for pdfTeX (AM)
)
\pdfpages@includegraphics@status=\count342
\AM@pagebox=\box77
\AM@global@opts=\toks50
\AM@pagecnt=\count343
\AM@toc@title=\toks51
\AM@lof@heading=\toks52
\c@AM@survey=\count344
\AM@templatesizebox=\box78
) (P:\MiKTeX\tex/latex/tcolorbox\tcolorbox.sty
Package: tcolorbox 2023/09/26 version 6.1.0 text color boxes
 (P:\MiKTeX\tex/latex/pgf/basiclayer\pgf.sty
Package: pgf 2023-01-15 v3.1.10 (3.1.10)
 (P:\MiKTeX\tex/generic/pgf/modules\pgfmoduleshapes.code.tex
File: pgfmoduleshapes.code.tex 2023-01-15 v3.1.10 (3.1.10)
\pgfnodeparttextbox=\box79
) (P:\MiKTeX\tex/generic/pgf/modules\pgfmoduleplot.code.tex
File: pgfmoduleplot.code.tex 2023-01-15 v3.1.10 (3.1.10)
) (P:\MiKTeX\tex/latex/pgf/compatibility\pgfcomp-version-0-65.sty
Package: pgfcomp-version-0-65 2023-01-15 v3.1.10 (3.1.10)
\pgf@nodesepstart=\dimen303
\pgf@nodesepend=\dimen304
) (P:\MiKTeX\tex/latex/pgf/compatibility\pgfcomp-version-1-18.sty
Package: pgfcomp-version-1-18 2023-01-15 v3.1.10 (3.1.10)
)) (P:\MiKTeX\tex/latex/tools\verbatim.sty
Package: verbatim 2022-07-02 v1.5u LaTeX2e package for verbatim enhancements
\every@verbatim=\toks53
\verbatim@line=\toks54
\verbatim@in@stream=\read4
) (P:\MiKTeX\tex/latex/environ\environ.sty
Package: environ 2014/05/04 v0.3 A new way to define environments
 (P:\MiKTeX\tex/latex/trimspaces\trimspaces.sty
Package: trimspaces 2009/09/17 v1.1 Trim spaces around a token list
))
\tcb@titlebox=\box80
\tcb@upperbox=\box81
\tcb@lowerbox=\box82
\tcb@phantombox=\box83
\c@tcbbreakpart=\count345
\c@tcblayer=\count346
\c@tcolorbox@number=\count347
\tcb@temp=\box84
\tcb@temp=\box85
\tcb@temp=\box86
\tcb@temp=\box87
) (P:\MiKTeX\tex/latex/tools\array.sty
Package: array 2023/10/16 v2.5g Tabular extension package (FMi)
\col@sep=\dimen305
\ar@mcellbox=\box88
\extrarowheight=\dimen306
\NC@list=\toks55
\extratabsurround=\skip69
\backup@length=\skip70
\ar@cellbox=\box89
) (P:\MiKTeX\tex/latex/colortbl\colortbl.sty
Package: colortbl 2022/06/20 v1.0f Color table columns (DPC)
\everycr=\toks56
\minrowclearance=\skip71
\rownum=\count348
) (P:\MiKTeX\tex/latex/fancybox\fancybox.sty
Package: fancybox 2010/05/15 1.4

Style option: `fancybox' v1.4 <2010/05/15> (tvz)
\@fancybox=\box90
\shadowsize=\dimen307
\@Sbox=\box91
\do@VerbBox=\toks57
\the@fancyput=\toks58
\this@fancyput=\toks59
\EndVerbatimTokens=\toks60
\Verbatim@Outfile=\write5
\Verbatim@Infile=\read5
) (P:\MiKTeX\tex/latex/caption\caption.sty
Package: caption 2023/08/05 v3.6o Customizing captions (AR)
 (P:\MiKTeX\tex/latex/caption\caption3.sty
Package: caption3 2023/07/31 v2.4d caption3 kernel (AR)
\caption@tempdima=\dimen308
\captionmargin=\dimen309
\caption@leftmargin=\dimen310
\caption@rightmargin=\dimen311
\caption@width=\dimen312
\caption@indent=\dimen313
\caption@parindent=\dimen314
\caption@hangindent=\dimen315
Package caption Info: beamer document class detected.
 (P:\MiKTeX\tex/latex/caption\caption-beamer.sto
File: caption-beamer.sto 2022/01/06 v2.0c Adaption of the caption package to the beamer document classes (AR)
))
\c@caption@flags=\count349
\c@continuedfloat=\count350
Package caption Info: hyperref package is loaded.
Package caption Info: Hyperref support is turned off
(caption)             because hyperref has stopped early.
) (P:\MiKTeX\tex/latex/beamer\beamercolorthemestructure.sty) (P:\MiKTeX\tex/latex/beamer\beamerinnerthemerectangles.sty) (P:\MiKTeX\tex/latex/beamer\beamerouterthememiniframes.sty)) (libs/preamble.tex (P:\MiKTeX\tex/latex/base\fontenc.sty
Package: fontenc 2021/04/29 v2.0v Standard LaTeX package
LaTeX Font Info:    Trying to load font information for T1+phv on input line 112.
 (P:\MiKTeX\tex/latex/psnfss\t1phv.fd
File: t1phv.fd 2020/03/25 scalable font definitions for T1/phv.
)) (P:\MiKTeX\tex/latex/multirow\multirow.sty
Package: multirow 2021/03/15 v2.8 Span multiple rows of a table
\multirow@colwidth=\skip72
\multirow@cntb=\count351
\multirow@dima=\skip73
\bigstrutjot=\dimen316
) (P:\MiKTeX\tex/latex/algorithm2e\algorithm2e.sty
Package: algorithm2e 2017/07/18 v5.2 algorithms environments
\c@AlgoLine=\count352
\algocf@hangindent=\skip74
 (P:\MiKTeX\tex/latex/ifoddpage\ifoddpage.sty
Package: ifoddpage 2022/10/18 v1.2 Conditionals for odd/even page detection
\c@checkoddpage=\count353
) (P:\MiKTeX\tex/latex/tools\xspace.sty
Package: xspace 2014/10/28 v1.13 Space after command names (DPC,MH)
) (P:\MiKTeX\tex/latex/relsize\relsize.sty
Package: relsize 2013/03/29 ver 4.1
)
\skiptotal=\skip75
\skiplinenumber=\skip76
\skiprule=\skip77
\skiphlne=\skip78
\skiptext=\skip79
\skiplength=\skip80
\algomargin=\skip81
\skipalgocfslide=\skip82
\algowidth=\dimen317
\inoutsize=\dimen318
\inoutindent=\dimen319
\interspacetitleruled=\dimen320
\interspacealgoruled=\dimen321
\interspacetitleboxruled=\dimen322
\algocf@ruledwidth=\skip83
\algocf@inoutbox=\box92
\algocf@inputbox=\box93
\AlCapSkip=\skip84
\AlCapHSkip=\skip85
\algoskipindent=\skip86
\algocf@nlbox=\box94
\algocf@hangingbox=\box95
\algocf@untilbox=\box96
\algocf@skipuntil=\skip87
\algocf@capbox=\box97
\algocf@lcaptionbox=\skip88
\algoheightruledefault=\skip89
\algoheightrule=\skip90
\algotitleheightruledefault=\skip91
\algotitleheightrule=\skip92
\c@algocfline=\count354
\c@algocfproc=\count355
\c@algocf=\count356
\algocf@algoframe=\box98
\algocf@algobox=\box99
) (P:\MiKTeX\tex/latex/listings\listings.sty
\lst@mode=\count357
\lst@gtempboxa=\box100
\lst@token=\toks61
\lst@length=\count358
\lst@currlwidth=\dimen323
\lst@column=\count359
\lst@pos=\count360
\lst@lostspace=\dimen324
\lst@width=\dimen325
\lst@newlines=\count361
\lst@lineno=\count362
\lst@maxwidth=\dimen326
 (P:\MiKTeX\tex/latex/listings\lstmisc.sty
File: lstmisc.sty 2023/02/27 1.9 (Carsten Heinz)
\c@lstnumber=\count363
\lst@skipnumbers=\count364
\lst@framebox=\box101
) (P:\MiKTeX\tex/latex/listings\listings.cfg
File: listings.cfg 2023/02/27 1.9 listings configuration
))
Package: listings 2023/02/27 1.9 (Carsten Heinz)
 (P:\MiKTeX\tex/latex/ragged2e\ragged2e.sty
Package: ragged2e 2023/06/22 v3.6 ragged2e Package


LaTeX Warning: Command \@arrayparboxrestore  has changed.
               Check if current package is valid.

(P:\MiKTeX\tex/latex/footmisc\footmisc.sty
Package: footmisc 2023/07/05 v6.0f a miscellany of footnote facilities
\FN@temptoken=\toks62
\footnotemargin=\dimen327
\@outputbox@depth=\dimen328
Package footmisc Info: Declaring symbol style bringhurst on input line 696.
Package footmisc Info: Declaring symbol style chicago on input line 704.
Package footmisc Info: Declaring symbol style wiley on input line 713.
Package footmisc Info: Declaring symbol style lamport-robust on input line 724.
Package footmisc Info: Declaring symbol style lamport* on input line 744.
Package footmisc Info: Declaring symbol style lamport*-robust on input line 765.
)
\CenteringLeftskip=\skip93
\RaggedLeftLeftskip=\skip94
\RaggedRightLeftskip=\skip95
\CenteringRightskip=\skip96
\RaggedLeftRightskip=\skip97
\RaggedRightRightskip=\skip98
\CenteringParfillskip=\skip99
\RaggedLeftParfillskip=\skip100
\RaggedRightParfillskip=\skip101
\JustifyingParfillskip=\skip102
\CenteringParindent=\skip103
\RaggedLeftParindent=\skip104
\RaggedRightParindent=\skip105
\JustifyingParindent=\skip106
) (P:\MiKTeX\tex/latex/biblatex\biblatex.sty
Package: biblatex 2023/03/05 v3.19 programmable bibliographies (PK/MW)
 (P:\MiKTeX\tex/latex/logreq\logreq.sty
Package: logreq 2010/08/04 v1.0 xml request logger
\lrq@indent=\count365
 (P:\MiKTeX\tex/latex/logreq\logreq.def
File: logreq.def 2010/08/04 v1.0 logreq spec v1.0
))
\c@tabx@nest=\count366
\c@listtotal=\count367
\c@listcount=\count368
\c@liststart=\count369
\c@liststop=\count370
\c@citecount=\count371
\c@citetotal=\count372
\c@multicitecount=\count373
\c@multicitetotal=\count374
\c@instcount=\count375
\c@maxnames=\count376
\c@minnames=\count377
\c@maxitems=\count378
\c@minitems=\count379
\c@citecounter=\count380
\c@maxcitecounter=\count381
\c@savedcitecounter=\count382
\c@uniquelist=\count383
\c@uniquename=\count384
\c@refsection=\count385
\c@refsegment=\count386
\c@maxextratitle=\count387
\c@maxextratitleyear=\count388
\c@maxextraname=\count389
\c@maxextradate=\count390
\c@maxextraalpha=\count391
\c@abbrvpenalty=\count392
\c@highnamepenalty=\count393
\c@lownamepenalty=\count394
\c@maxparens=\count395
\c@parenlevel=\count396
\blx@tempcnta=\count397
\blx@tempcntb=\count398
\blx@tempcntc=\count399
\c@blx@maxsection=\count400
\blx@maxsegment@0=\count401
\blx@notetype=\count402
\blx@parenlevel@text=\count403
\blx@parenlevel@foot=\count404
\blx@sectionciteorder@0=\count405
\blx@sectionciteorderinternal@0=\count406
\blx@entrysetcounter=\count407
\blx@biblioinstance=\count408
\labelnumberwidth=\skip107
\labelalphawidth=\skip108
\biblabelsep=\skip109
\bibitemsep=\skip110
\bibnamesep=\skip111
\bibinitsep=\skip112
\bibparsep=\skip113
\bibhang=\skip114
\blx@bcfin=\read6
\blx@bcfout=\write6
\blx@langwohyphens=\language80
\c@mincomprange=\count409
\c@maxcomprange=\count410
\c@mincompwidth=\count411
Package biblatex Info: Trying to load biblatex default data model...
Package biblatex Info: ... file 'blx-dm.def' found.
 (P:\MiKTeX\tex/latex/biblatex\blx-dm.def
File: blx-dm.def 2023/03/05 v3.19 biblatex localization (PK/MW)
)
Package biblatex Info: Trying to load biblatex style data model...
Package biblatex Info: ... file 'numeric.dbx' not found.
Package biblatex Info: Trying to load biblatex custom data model...
Package biblatex Info: ... file 'biblatex-dm.cfg' not found.
\c@afterword=\count412
\c@savedafterword=\count413
\c@annotator=\count414
\c@savedannotator=\count415
\c@author=\count416
\c@savedauthor=\count417
\c@bookauthor=\count418
\c@savedbookauthor=\count419
\c@commentator=\count420
\c@savedcommentator=\count421
\c@editor=\count422
\c@savededitor=\count423
\c@editora=\count424
\c@savededitora=\count425
\c@editorb=\count426
\c@savededitorb=\count427
\c@editorc=\count428
\c@savededitorc=\count429
\c@foreword=\count430
\c@savedforeword=\count431
\c@holder=\count432
\c@savedholder=\count433
\c@introduction=\count434
\c@savedintroduction=\count435
\c@namea=\count436
\c@savednamea=\count437
\c@nameb=\count438
\c@savednameb=\count439
\c@namec=\count440
\c@savednamec=\count441
\c@translator=\count442
\c@savedtranslator=\count443
\c@shortauthor=\count444
\c@savedshortauthor=\count445
\c@shorteditor=\count446
\c@savedshorteditor=\count447
\c@labelname=\count448
\c@savedlabelname=\count449
\c@institution=\count450
\c@savedinstitution=\count451
\c@lista=\count452
\c@savedlista=\count453
\c@listb=\count454
\c@savedlistb=\count455
\c@listc=\count456
\c@savedlistc=\count457
\c@listd=\count458
\c@savedlistd=\count459
\c@liste=\count460
\c@savedliste=\count461
\c@listf=\count462
\c@savedlistf=\count463
\c@location=\count464
\c@savedlocation=\count465
\c@organization=\count466
\c@savedorganization=\count467
\c@origlocation=\count468
\c@savedoriglocation=\count469
\c@origpublisher=\count470
\c@savedorigpublisher=\count471
\c@publisher=\count472
\c@savedpublisher=\count473
\c@language=\count474
\c@savedlanguage=\count475
\c@origlanguage=\count476
\c@savedoriglanguage=\count477
\c@pageref=\count478
\c@savedpageref=\count479
\shorthandwidth=\skip115
\shortjournalwidth=\skip116
\shortserieswidth=\skip117
\shorttitlewidth=\skip118
\shortauthorwidth=\skip119
\shorteditorwidth=\skip120
\locallabelnumberwidth=\skip121
\locallabelalphawidth=\skip122
\localshorthandwidth=\skip123
\localshortjournalwidth=\skip124
\localshortserieswidth=\skip125
\localshorttitlewidth=\skip126
\localshortauthorwidth=\skip127
\localshorteditorwidth=\skip128
Package biblatex Info: Trying to load compatibility code...
Package biblatex Info: ... file 'blx-compat.def' found.
 (P:\MiKTeX\tex/latex/biblatex\blx-compat.def
File: blx-compat.def 2023/03/05 v3.19 biblatex compatibility (PK/MW)
)
Package biblatex Info: Trying to load generic definitions...
Package biblatex Info: ... file 'biblatex.def' found.
 (P:\MiKTeX\tex/latex/biblatex\biblatex.def
File: biblatex.def 2023/03/05 v3.19 biblatex compatibility (PK/MW)
\c@textcitecount=\count480
\c@textcitetotal=\count481
\c@textcitemaxnames=\count482
\c@biburlbigbreakpenalty=\count483
\c@biburlbreakpenalty=\count484
\c@biburlnumpenalty=\count485
\c@biburlucpenalty=\count486
\c@biburllcpenalty=\count487
\biburlbigskip=\muskip18
\biburlnumskip=\muskip19
\biburlucskip=\muskip20
\biburllcskip=\muskip21
\c@smartand=\count488
)
Package biblatex Info: Trying to load bibliography style 'numeric'...
Package biblatex Info: ... file 'numeric.bbx' found.
 (P:\MiKTeX\tex/latex/biblatex/bbx\numeric.bbx
File: numeric.bbx 2023/03/05 v3.19 biblatex bibliography style (PK/MW)
Package biblatex Info: Trying to load bibliography style 'standard'...
Package biblatex Info: ... file 'standard.bbx' found.
 (P:\MiKTeX\tex/latex/biblatex/bbx\standard.bbx
File: standard.bbx 2023/03/05 v3.19 biblatex bibliography style (PK/MW)
\c@bbx:relatedcount=\count489
\c@bbx:relatedtotal=\count490
))
Package biblatex Info: Trying to load citation style 'numeric'...
Package biblatex Info: ... file 'numeric.cbx' found.
 (P:\MiKTeX\tex/latex/biblatex/cbx\numeric.cbx
File: numeric.cbx 2023/03/05 v3.19 biblatex citation style (PK/MW)
Package biblatex Info: Redefining '\cite'.
Package biblatex Info: Redefining '\parencite'.
Package biblatex Info: Redefining '\footcite'.
Package biblatex Info: Redefining '\footcitetext'.
Package biblatex Info: Redefining '\smartcite'.
Package biblatex Info: Redefining '\supercite'.
Package biblatex Info: Redefining '\textcite'.
Package biblatex Info: Redefining '\textcites'.
Package biblatex Info: Redefining '\cites'.
Package biblatex Info: Redefining '\parencites'.
Package biblatex Info: Redefining '\smartcites'.
)
Package biblatex Info: Trying to load configuration file...
Package biblatex Info: ... file 'biblatex.cfg' found.
 (P:\MiKTeX\tex/latex/biblatex\biblatex.cfg
File: biblatex.cfg 
)
Package biblatex Info: Input encoding 'utf8' detected.
Package biblatex Info: Document encoding is UTF8 ....
 (P:\MiKTeX\tex/latex/l3kernel\expl3.sty
Package: expl3 2023-11-09 L3 programming layer (loader) 
 (P:\MiKTeX\tex/latex/l3backend\l3backend-pdftex.def
File: l3backend-pdftex.def 2023-11-09 L3 backend support: PDF output (pdfTeX)
\l__color_backend_stack_int=\count491
\l__pdf_internal_box=\box102
))
Package biblatex Info: ... and expl3
(biblatex)             2023-11-09 L3 programming layer (loader) 
(biblatex)             is new enough (at least 2020/04/06),
(biblatex)             setting 'casechanger=expl3'.
 (P:\MiKTeX\tex/latex/biblatex\blx-case-expl3.sty (P:\MiKTeX\tex/latex/l3packages/xparse\xparse.sty
Package: xparse 2023-10-10 L3 Experimental document command parser
)
Package: blx-case-expl3 2023/03/05 v3.19 expl3 case changing code for biblatex
)) (P:\MiKTeX\tex/latex/csquotes\csquotes.sty
Package: csquotes 2022-09-14 v5.2n context-sensitive quotations (JAW)
\csq@reset=\count492
\csq@gtype=\count493
\csq@glevel=\count494
\csq@qlevel=\count495
\csq@maxlvl=\count496
\csq@tshold=\count497
\csq@ltx@everypar=\toks63
 (P:\MiKTeX\tex/latex/csquotes\csquotes.def
File: csquotes.def 2022-09-14 v5.2n csquotes generic definitions (JAW)
)
Package csquotes Info: Trying to load configuration file 'csquotes.cfg'...
Package csquotes Info: ... configuration file loaded successfully.
 (P:\MiKTeX\tex/latex/csquotes\csquotes.cfg
File: csquotes.cfg 
)) (P:\MiKTeX\tex/latex/tools\multicol.sty
Package: multicol 2023/03/30 v1.9f multicolumn formatting (FMi)
\c@tracingmulticols=\count498
\mult@box=\box103
\multicol@leftmargin=\dimen329
\c@unbalance=\count499
\c@collectmore=\count500
\doublecol@number=\count501
\multicoltolerance=\count502
\multicolpretolerance=\count503
\full@width=\dimen330
\page@free=\dimen331
\premulticols=\dimen332
\postmulticols=\dimen333
\multicolsep=\skip129
\multicolbaselineskip=\skip130
\partial@page=\box104
\last@line=\box105
\mc@boxedresult=\box106
\maxbalancingoverflow=\dimen334
\mult@rightbox=\box107
\mult@grightbox=\box108
\mult@firstbox=\box109
\mult@gfirstbox=\box110
\@tempa=\box111
\@tempa=\box112
\@tempa=\box113
\@tempa=\box114
\@tempa=\box115
\@tempa=\box116
\@tempa=\box117
\@tempa=\box118
\@tempa=\box119
\@tempa=\box120
\@tempa=\box121
\@tempa=\box122
\@tempa=\box123
\@tempa=\box124
\@tempa=\box125
\@tempa=\box126
\@tempa=\box127
\@tempa=\box128
\@tempa=\box129
\@tempa=\box130
\@tempa=\box131
\@tempa=\box132
\@tempa=\box133
\@tempa=\box134
\@tempa=\box135
\@tempa=\box136
\@tempa=\box137
\@tempa=\box138
\@tempa=\box139
\@tempa=\box140
\@tempa=\box141
\@tempa=\box142
\@tempa=\box143
\@tempa=\box144
\@tempa=\box145
\@tempa=\box146
\c@minrows=\count504
\c@columnbadness=\count505
\c@finalcolumnbadness=\count506
\last@try=\dimen335
\multicolovershoot=\dimen336
\multicolundershoot=\dimen337
\mult@nat@firstbox=\box147
\colbreak@box=\box148
\mc@col@check@num=\count507
))
Package csquotes Info: Checking for multilingual support...
Package csquotes Info: ... found 'babel' package.
Package csquotes Info: Adjusting default style.
Package csquotes Info: Redefining alias 'default' -> 'brazil'.
 (document.aux

LaTeX Warning: Label `fig:modelo-rest-api' multiply defined.


LaTeX Warning: Label `fig:modelo-rest-api' multiply defined.


LaTeX Warning: Label `fig:modelo-rest-api' multiply defined.


LaTeX Warning: Label `fig:endurance-tempo-metodos-totais' multiply defined.

)
\openout1 = `document.aux'.

LaTeX Font Info:    Checking defaults for OML/cmm/m/it on input line 40.
LaTeX Font Info:    ... okay on input line 40.
LaTeX Font Info:    Checking defaults for OMS/cmsy/m/n on input line 40.
LaTeX Font Info:    ... okay on input line 40.
LaTeX Font Info:    Checking defaults for OT1/cmr/m/n on input line 40.
LaTeX Font Info:    ... okay on input line 40.
LaTeX Font Info:    Checking defaults for T1/cmr/m/n on input line 40.
LaTeX Font Info:    ... okay on input line 40.
LaTeX Font Info:    Checking defaults for TS1/cmr/m/n on input line 40.
LaTeX Font Info:    ... okay on input line 40.
LaTeX Font Info:    Checking defaults for OMX/cmex/m/n on input line 40.
LaTeX Font Info:    ... okay on input line 40.
LaTeX Font Info:    Checking defaults for U/cmr/m/n on input line 40.
LaTeX Font Info:    ... okay on input line 40.
LaTeX Font Info:    Checking defaults for PD1/pdf/m/n on input line 40.
LaTeX Font Info:    ... okay on input line 40.
LaTeX Font Info:    Checking defaults for PU/pdf/m/n on input line 40.
LaTeX Font Info:    ... okay on input line 40.

*geometry* driver: auto-detecting
*geometry* detected driver: pdftex
*geometry* verbose mode - [ preamble ] result:
* driver: pdftex
* paper: custom
* layout: <same size as paper>
* layoutoffset:(h,v)=(0.0pt,0.0pt)
* modes: includehead includefoot 
* h-part:(L,W,R)=(28.45274pt, 307.28987pt, 28.45274pt)
* v-part:(T,H,B)=(0.0pt, 273.14662pt, 0.0pt)
* \paperwidth=364.19536pt
* \paperheight=273.14662pt
* \textwidth=307.28987pt
* \textheight=244.6939pt
* \oddsidemargin=-43.81725pt
* \evensidemargin=-43.81725pt
* \topmargin=-72.26999pt
* \headheight=14.22636pt
* \headsep=0.0pt
* \topskip=10.0pt
* \footskip=14.22636pt
* \marginparwidth=3.0pt
* \marginparsep=11.0pt
* \columnsep=10.0pt
* \skip\footins=9.0pt plus 4.0pt minus 2.0pt
* \hoffset=0.0pt
* \voffset=0.0pt
* \mag=1000
* \@twocolumnfalse
* \@twosidefalse
* \@mparswitchfalse
* \@reversemarginfalse
* (1in=72.27pt=25.4mm, 1cm=28.453pt)

(P:\MiKTeX\tex/context/base/mkii\supp-pdf.mkii
[Loading MPS to PDF converter (version 2006.09.02).]
\scratchcounter=\count508
\scratchdimen=\dimen338
\scratchbox=\box149
\nofMPsegments=\count509
\nofMParguments=\count510
\everyMPshowfont=\toks64
\MPscratchCnt=\count511
\MPscratchDim=\dimen339
\MPnumerator=\count512
\makeMPintoPDFobject=\count513
\everyMPtoPDFconversion=\toks65
) (P:\MiKTeX\tex/latex/epstopdf-pkg\epstopdf-base.sty
Package: epstopdf-base 2020-01-24 v2.11 Base part for package epstopdf
Package epstopdf-base Info: Redefining graphics rule for `.eps' on input line 485.
 (P:\MiKTeX\tex/latex/00miktex\epstopdf-sys.cfg
File: epstopdf-sys.cfg 2021/03/18 v2.0 Configuration of epstopdf for MiKTeX
))
Package hyperref Info: Link coloring OFF on input line 40.
 (document.out) (document.out)
\@outlinefile=\write7
\openout7 = `document.out'.

LaTeX Font Info:    Overwriting symbol font `operators' in version `normal'
(Font)                  OT1/cmr/m/n --> OT1/cmss/m/n on input line 40.
LaTeX Font Info:    Overwriting symbol font `operators' in version `bold'
(Font)                  OT1/cmr/bx/n --> OT1/cmss/b/n on input line 40.
\symnumbers=\mathgroup6
\sympureletters=\mathgroup7
LaTeX Font Info:    Overwriting math alphabet `\mathrm' in version `normal'
(Font)                  OT1/cmss/m/n --> T1/cmr/m/n on input line 40.
LaTeX Font Info:    Redeclaring math alphabet \mathbf on input line 40.
LaTeX Font Info:    Overwriting math alphabet `\mathbf' in version `normal'
(Font)                  OT1/cmr/bx/n --> T1/phv/b/n on input line 40.
LaTeX Font Info:    Overwriting math alphabet `\mathbf' in version `bold'
(Font)                  OT1/cmr/bx/n --> T1/phv/b/n on input line 40.
LaTeX Font Info:    Redeclaring math alphabet \mathsf on input line 40.
LaTeX Font Info:    Overwriting math alphabet `\mathsf' in version `normal'
(Font)                  OT1/cmss/m/n --> T1/phv/m/n on input line 40.
LaTeX Font Info:    Overwriting math alphabet `\mathsf' in version `bold'
(Font)                  OT1/cmss/bx/n --> T1/phv/m/n on input line 40.
LaTeX Font Info:    Redeclaring math alphabet \mathit on input line 40.
LaTeX Font Info:    Overwriting math alphabet `\mathit' in version `normal'
(Font)                  OT1/cmr/m/it --> T1/phv/m/it on input line 40.
LaTeX Font Info:    Overwriting math alphabet `\mathit' in version `bold'
(Font)                  OT1/cmr/bx/it --> T1/phv/m/it on input line 40.
LaTeX Font Info:    Redeclaring math alphabet \mathtt on input line 40.
LaTeX Font Info:    Overwriting math alphabet `\mathtt' in version `normal'
(Font)                  OT1/cmtt/m/n --> T1/cmtt/m/n on input line 40.
LaTeX Font Info:    Overwriting math alphabet `\mathtt' in version `bold'
(Font)                  OT1/cmtt/m/n --> T1/cmtt/m/n on input line 40.
LaTeX Font Info:    Overwriting symbol font `numbers' in version `bold'
(Font)                  T1/phv/m/n --> T1/phv/b/n on input line 40.
LaTeX Font Info:    Overwriting symbol font `pureletters' in version `bold'
(Font)                  T1/phv/m/it --> T1/phv/b/it on input line 40.
LaTeX Font Info:    Overwriting math alphabet `\mathrm' in version `bold'
(Font)                  OT1/cmss/b/n --> T1/cmr/b/n on input line 40.
LaTeX Font Info:    Overwriting math alphabet `\mathbf' in version `bold'
(Font)                  T1/phv/b/n --> T1/phv/b/n on input line 40.
LaTeX Font Info:    Overwriting math alphabet `\mathsf' in version `bold'
(Font)                  T1/phv/m/n --> T1/phv/b/n on input line 40.
LaTeX Font Info:    Overwriting math alphabet `\mathit' in version `bold'
(Font)                  T1/phv/m/it --> T1/phv/b/it on input line 40.
LaTeX Font Info:    Overwriting math alphabet `\mathtt' in version `bold'
(Font)                  T1/cmtt/m/n --> T1/cmtt/b/n on input line 40.
 (P:\MiKTeX\tex/latex/translator\translator-basic-dictionary-English.dict
Dictionary: translator-basic-dictionary, Language: English 
) (P:\MiKTeX\tex/latex/translator\translator-bibliography-dictionary-English.dict
Dictionary: translator-bibliography-dictionary, Language: English 
) (P:\MiKTeX\tex/latex/translator\translator-environment-dictionary-English.dict
Dictionary: translator-environment-dictionary, Language: English 
) (P:\MiKTeX\tex/latex/translator\translator-months-dictionary-English.dict
Dictionary: translator-months-dictionary, Language: English 
) (P:\MiKTeX\tex/latex/translator\translator-numbers-dictionary-English.dict
Dictionary: translator-numbers-dictionary, Language: English 
) (P:\MiKTeX\tex/latex/translator\translator-theorem-dictionary-English.dict
Dictionary: translator-theorem-dictionary, Language: English 
)
LaTeX Info: Redefining \microtypecontext on input line 40.
Package microtype Info: Applying patch `item' on input line 40.
Package microtype Info: Applying patch `toc' on input line 40.
Package microtype Info: Applying patch `eqnum' on input line 40.
Package microtype Info: Applying patch `footnote' on input line 40.
Package microtype Info: Applying patch `verbatim' on input line 40.
Package microtype Info: Generating PDF output.
Package microtype Info: Character protrusion enabled (level 2).
Package microtype Info: Using default protrusion set `alltext'.
Package microtype Info: Automatic font expansion enabled (level 2),
(microtype)             stretch: 20, shrink: 20, step: 1, non-selected.
Package microtype Info: Using default expansion set `alltext-nott'.
LaTeX Info: Redefining \showhyphens on input line 40.
Package microtype Info: No adjustment of tracking.
Package microtype Info: No adjustment of interword spacing.
Package microtype Info: No adjustment of character kerning.
Package microtype Info: Loading generic protrusion settings for font family
(microtype)             `phv' (encoding: T1).
(microtype)             For optimal results, create family-specific settings.
(microtype)             See the microtype manual for details.
 (P:\MiKTeX\tex/latex/pdflscape\pdflscape.sty
Package: pdflscape 2022-10-27 v0.13 Display of landscape pages in PDF
 (P:\MiKTeX\tex/latex/pdflscape\pdflscape-nometadata.sty
Package: pdflscape-nometadata 2022-10-28 v0.13 Display of landscape pages in PDF (HO)
 (P:\MiKTeX\tex/latex/graphics\lscape.sty
Package: lscape 2020/05/28 v3.02 Landscape Pages (DPC)
)
Package pdflscape Info: Auto-detected driver: pdftex on input line 81.
))
Package caption Info: Begin \AtBeginDocument code.
Package caption Info: listings package is loaded.
Package caption Info: End \AtBeginDocument code.
\c@lstlisting=\count514
Package ragged2e Info: ABD: executing \RaggedRight on input line 40.
Package biblatex Info: Trying to load language 'brazil'...
Package biblatex Info: ... file 'brazil.lbx' found.
 (P:\MiKTeX\tex/latex/biblatex/lbx\brazil.lbx
File: brazil.lbx 2023/03/05 v3.19 biblatex localization (PK/MW)
Package biblatex Info: Trying to load language 'brazilian'...
Package biblatex Info: ... file 'brazilian.lbx' found.
 (P:\MiKTeX\tex/latex/biblatex/lbx\brazilian.lbx
File: brazilian.lbx 2023/03/05 v3.19 biblatex localization (PK/MW)
)
Package biblatex Info: Trying to load language 'brazilian'...
Package biblatex Info: ... file 'brazilian.lbx' found.
 (P:\MiKTeX\tex/latex/biblatex/lbx\brazilian.lbx
File: brazilian.lbx 2023/03/05 v3.19 biblatex localization (PK/MW)
))
Package biblatex Info: Input encoding 'utf8' detected.
Package biblatex Info: Automatic encoding selection.
(biblatex)             Assuming data encoding 'utf8'.
\openout6 = `document.bcf'.

Package biblatex Info: Trying to load bibliographic data...
Package biblatex Info: ... file 'document.bbl' found.
 (document.bbl)
Package biblatex Info: Reference section=0 on input line 40.
Package biblatex Info: Reference segment=0 on input line 40.
 (document.nav) (libs/code_style.tex)
LaTeX Font Info:    Font shape `T1/phv/b/it' in size <14.4> not available
(Font)              Font shape `T1/phv/b/sl' tried instead on input line 48.
<libs/logoUFCbackground.png, id=154, 703.428pt x 468.3096pt>
File: libs/logoUFCbackground.png Graphic file (type png)
<use libs/logoUFCbackground.png>
Package pdftex.def Info: libs/logoUFCbackground.png  used on input line 48.
(pdftex.def)             Requested size: 619.131pt x 412.21376pt.
<libs/emblemufc.pdf, id=156, 803.0pt x 239.78484pt>
File: libs/emblemufc.pdf Graphic file (type pdf)
<use libs/emblemufc.pdf>
Package pdftex.def Info: libs/emblemufc.pdf  used on input line 48.
(pdftex.def)             Requested size: 80.3047pt x 23.97987pt.
 [1{C:/Users/klayv/AppData/Local/MiKTeX/fonts/map/pdftex/pdftex.map}{P:/MiKTeX/fonts/enc/dvips/base/8r.enc}

 <./libs/logoUFCbackground.png> <./libs/emblemufc.pdf>] (document.toc)
File: libs/logoUFCbackground.png Graphic file (type png)
<use libs/logoUFCbackground.png>
Package pdftex.def Info: libs/logoUFCbackground.png  used on input line 56.
(pdftex.def)             Requested size: 619.131pt x 412.21376pt.
File: libs/emblemufc.pdf Graphic file (type pdf)
<use libs/emblemufc.pdf>
Package pdftex.def Info: libs/emblemufc.pdf  used on input line 56.
(pdftex.def)             Requested size: 80.3047pt x 23.97987pt.
 [2

]
LaTeX Font Info:    Font shape `T1/phv/m/it' in size <10> not available
(Font)              Font shape `T1/phv/m/sl' tried instead on input line 72.
File: libs/logoUFCbackground.png Graphic file (type png)
<use libs/logoUFCbackground.png>
Package pdftex.def Info: libs/logoUFCbackground.png  used on input line 72.
(pdftex.def)             Requested size: 619.131pt x 412.21376pt.
File: libs/emblemufc.pdf Graphic file (type pdf)
<use libs/emblemufc.pdf>
Package pdftex.def Info: libs/emblemufc.pdf  used on input line 72.
(pdftex.def)             Requested size: 80.3047pt x 23.97987pt.
 [3

]
LaTeX Font Info:    Font shape `T1/phv/m/it' in size <8> not available
(Font)              Font shape `T1/phv/m/sl' tried instead on input line 83.


pdfTeX warning: pdflatex (file ./figuras/tech-backend.pdf): PDF inclusion: found PDF version <1.7>, but at most version <1.5> allowed
<figuras/tech-backend.pdf, id=631, 1105.12875pt x 650.43pt>
File: figuras/tech-backend.pdf Graphic file (type pdf)
<use figuras/tech-backend.pdf>
Package pdftex.def Info: figuras/tech-backend.pdf  used on input line 83.
(pdftex.def)             Requested size: 276.559pt x 162.76588pt.
File: libs/logoUFCbackground.png Graphic file (type png)
<use libs/logoUFCbackground.png>
Package pdftex.def Info: libs/logoUFCbackground.png  used on input line 83.
(pdftex.def)             Requested size: 619.131pt x 412.21376pt.
File: libs/emblemufc.pdf Graphic file (type pdf)
<use libs/emblemufc.pdf>
Package pdftex.def Info: libs/emblemufc.pdf  used on input line 83.
(pdftex.def)             Requested size: 80.3047pt x 23.97987pt.
[4

 <./figuras/tech-backend.pdf>]
Package microtype Info: Loading generic protrusion settings for font family
(microtype)             `cmss' (encoding: OT1).
(microtype)             For optimal results, create family-specific settings.
(microtype)             See the microtype manual for details.
LaTeX Font Info:    Trying to load font information for U+msa on input line 95.
 (P:\MiKTeX\tex/latex/amsfonts\umsa.fd
File: umsa.fd 2013/01/14 v3.01 AMS symbols A
) (P:\MiKTeX\tex/latex/microtype\mt-msa.cfg
File: mt-msa.cfg 2006/02/04 v1.1 microtype config. file: AMS symbols (a) (RS)
)
LaTeX Font Info:    Trying to load font information for U+msb on input line 95.
 (P:\MiKTeX\tex/latex/amsfonts\umsb.fd
File: umsb.fd 2013/01/14 v3.01 AMS symbols B
) (P:\MiKTeX\tex/latex/microtype\mt-msb.cfg
File: mt-msb.cfg 2005/06/01 v1.0 microtype config. file: AMS symbols (b) (RS)
)
LaTeX Font Info:    Font shape `T1/phv/m/it' in size <6> not available
(Font)              Font shape `T1/phv/m/sl' tried instead on input line 95.
LaTeX Font Info:    Font shape `T1/phv/m/it' in size <5> not available
(Font)              Font shape `T1/phv/m/sl' tried instead on input line 95.


pdfTeX warning: pdflatex (file ./figuras/tech-backend-selecionadas.pdf): PDF inclusion: found PDF version <1.7>, but at most version <1.5> allowed
<figuras/tech-backend-selecionadas.pdf, id=776, 1105.12875pt x 251.94125pt>
File: figuras/tech-backend-selecionadas.pdf Graphic file (type pdf)
<use figuras/tech-backend-selecionadas.pdf>
Package pdftex.def Info: figuras/tech-backend-selecionadas.pdf  used on input line 95.
(pdftex.def)             Requested size: 276.559pt x 63.04666pt.
File: libs/logoUFCbackground.png Graphic file (type png)
<use libs/logoUFCbackground.png>
Package pdftex.def Info: libs/logoUFCbackground.png  used on input line 95.
(pdftex.def)             Requested size: 619.131pt x 412.21376pt.
File: libs/emblemufc.pdf Graphic file (type pdf)
<use libs/emblemufc.pdf>
Package pdftex.def Info: libs/emblemufc.pdf  used on input line 95.
(pdftex.def)             Requested size: 80.3047pt x 23.97987pt.
[5

 <./figuras/tech-backend-selecionadas.pdf>]
Overfull \hbox (0.15915pt too wide) in paragraph at lines 107--107
[]\T1/phv/b/n/10 (+18) sob a perspectiva \T1/phv/m/n/10 (+18) de desenvolvedores e pesquisadores na rea de 
 []

File: libs/logoUFCbackground.png Graphic file (type png)
<use libs/logoUFCbackground.png>
Package pdftex.def Info: libs/logoUFCbackground.png  used on input line 107.
(pdftex.def)             Requested size: 619.131pt x 412.21376pt.
File: libs/emblemufc.pdf Graphic file (type pdf)
<use libs/emblemufc.pdf>
Package pdftex.def Info: libs/emblemufc.pdf  used on input line 107.
(pdftex.def)             Requested size: 80.3047pt x 23.97987pt.
[6

]
File: libs/logoUFCbackground.png Graphic file (type png)
<use libs/logoUFCbackground.png>
Package pdftex.def Info: libs/logoUFCbackground.png  used on input line 128.
(pdftex.def)             Requested size: 619.131pt x 412.21376pt.
File: libs/emblemufc.pdf Graphic file (type pdf)
<use libs/emblemufc.pdf>
Package pdftex.def Info: libs/emblemufc.pdf  used on input line 128.
(pdftex.def)             Requested size: 80.3047pt x 23.97987pt.
 [7

]
Overfull \hbox (0.11168pt too wide) in paragraph at lines 132--132
\T1/phv/m/n/10 (+14) en-con-tra-dos es-tu-dos com-pa-ra-ti-vos fo-ca-dos  ava-li-a-o das com-pa-ti- 
 []


Overfull \hbox (0.10031pt too wide) in paragraph at lines 132--132
\T1/phv/m/n/10 (+1) bi-li-da-des/-fun-ci-o-na-li-da-des te-ri-cas e  an-lise de ce-n-rios pr-ti-cos de 
 []

File: libs/logoUFCbackground.png Graphic file (type png)
<use libs/logoUFCbackground.png>
Package pdftex.def Info: libs/logoUFCbackground.png  used on input line 132.
(pdftex.def)             Requested size: 619.131pt x 412.21376pt.
File: libs/emblemufc.pdf Graphic file (type pdf)
<use libs/emblemufc.pdf>
Package pdftex.def Info: libs/emblemufc.pdf  used on input line 132.
(pdftex.def)             Requested size: 80.3047pt x 23.97987pt.
[8

]
<figuras/modelo-rest-api.png, id=1232, 2003.485pt x 443.6575pt>
File: figuras/modelo-rest-api.png Graphic file (type png)
<use figuras/modelo-rest-api.png>
Package pdftex.def Info: figuras/modelo-rest-api.png  used on input line 145.
(pdftex.def)             Requested size: 307.28987pt x 68.04184pt.
File: libs/logoUFCbackground.png Graphic file (type png)
<use libs/logoUFCbackground.png>
Package pdftex.def Info: libs/logoUFCbackground.png  used on input line 145.
(pdftex.def)             Requested size: 619.131pt x 412.21376pt.
File: libs/emblemufc.pdf Graphic file (type pdf)
<use libs/emblemufc.pdf>
Package pdftex.def Info: libs/emblemufc.pdf  used on input line 145.
(pdftex.def)             Requested size: 80.3047pt x 23.97987pt.
 [9

 <./figuras/modelo-rest-api.png (PNG copy)>]
LaTeX Font Info:    Trying to load font information for T1+cmtt on input line 164.
 (P:\MiKTeX\tex/latex/base\t1cmtt.fd
File: t1cmtt.fd 2023/04/13 v2.5m Standard LaTeX font definitions
)
Package microtype Info: Loading generic protrusion settings for font family
(microtype)             `cmtt' (encoding: T1).
(microtype)             For optimal results, create family-specific settings.
(microtype)             See the microtype manual for details.


pdfTeX warning: pdflatex (file ./figuras/logo-nodejs.pdf): PDF inclusion: found PDF version <1.7>, but at most version <1.5> allowed
<figuras/logo-nodejs.pdf, id=1345, 242.9075pt x 242.9075pt>
File: figuras/logo-nodejs.pdf Graphic file (type pdf)
<use figuras/logo-nodejs.pdf>
Package pdftex.def Info: figuras/logo-nodejs.pdf  used on input line 164.
(pdftex.def)             Requested size: 118.91638pt x 118.9145pt.

pdfTeX warning (ext4): destination with the same identifier (name{fig:modelo-rest-api}) has been already used, duplicate ignored
<to be read again> 
                   \relax 
l.164 \end{frame}
                 
File: libs/logoUFCbackground.png Graphic file (type png)
<use libs/logoUFCbackground.png>
Package pdftex.def Info: libs/logoUFCbackground.png  used on input line 164.
(pdftex.def)             Requested size: 619.131pt x 412.21376pt.
File: libs/emblemufc.pdf Graphic file (type pdf)
<use libs/emblemufc.pdf>
Package pdftex.def Info: libs/emblemufc.pdf  used on input line 164.
(pdftex.def)             Requested size: 80.3047pt x 23.97987pt.
 [10

 <./figuras/logo-nodejs.pdf>]

pdfTeX warning: pdflatex (file ./figuras/logo-drf.pdf): PDF inclusion: found PDF version <1.7>, but at most version <1.5> allowed
<figuras/logo-drf.pdf, id=1462, 421.575pt x 250.9375pt>
File: figuras/logo-drf.pdf Graphic file (type pdf)
<use figuras/logo-drf.pdf>
Package pdftex.def Info: figuras/logo-drf.pdf  used on input line 183.
(pdftex.def)             Requested size: 148.64493pt x 88.48036pt.

pdfTeX warning (ext4): destination with the same identifier (name{fig:modelo-rest-api}) has been already used, duplicate ignored
<to be read again> 
                   \relax 
l.183 \end{frame}
                 
File: libs/logoUFCbackground.png Graphic file (type png)
<use libs/logoUFCbackground.png>
Package pdftex.def Info: libs/logoUFCbackground.png  used on input line 183.
(pdftex.def)             Requested size: 619.131pt x 412.21376pt.
File: libs/emblemufc.pdf Graphic file (type pdf)
<use libs/emblemufc.pdf>
Package pdftex.def Info: libs/emblemufc.pdf  used on input line 183.
(pdftex.def)             Requested size: 80.3047pt x 23.97987pt.
 [11

 <./figuras/logo-drf.pdf>]

pdfTeX warning: pdflatex (file ./figuras/logo-dotnet.pdf): PDF inclusion: found PDF version <1.7>, but at most version <1.5> allowed
<figuras/logo-dotnet.pdf, id=1578, 206.7725pt x 206.7725pt>
File: figuras/logo-dotnet.pdf Graphic file (type pdf)
<use figuras/logo-dotnet.pdf>
Package pdftex.def Info: figuras/logo-dotnet.pdf  used on input line 202.
(pdftex.def)             Requested size: 104.051pt x 104.05171pt.

pdfTeX warning (ext4): destination with the same identifier (name{fig:modelo-rest-api}) has been already used, duplicate ignored
<to be read again> 
                   \relax 
l.202 \end{frame}
                 
File: libs/logoUFCbackground.png Graphic file (type png)
<use libs/logoUFCbackground.png>
Package pdftex.def Info: libs/logoUFCbackground.png  used on input line 202.
(pdftex.def)             Requested size: 619.131pt x 412.21376pt.
File: libs/emblemufc.pdf Graphic file (type pdf)
<use libs/emblemufc.pdf>
Package pdftex.def Info: libs/emblemufc.pdf  used on input line 202.
(pdftex.def)             Requested size: 80.3047pt x 23.97987pt.
 [12

 <./figuras/logo-dotnet.pdf>]
File: libs/logoUFCbackground.png Graphic file (type png)
<use libs/logoUFCbackground.png>
Package pdftex.def Info: libs/logoUFCbackground.png  used on input line 222.
(pdftex.def)             Requested size: 619.131pt x 412.21376pt.
File: libs/emblemufc.pdf Graphic file (type pdf)
<use libs/emblemufc.pdf>
Package pdftex.def Info: libs/emblemufc.pdf  used on input line 222.
(pdftex.def)             Requested size: 80.3047pt x 23.97987pt.
 [13

]
LaTeX Font Info:    Font shape `T1/phv/b/it' in size <10> not available
(Font)              Font shape `T1/phv/b/sl' tried instead on input line 235.
LaTeX Font Info:    Font shape `T1/phv/m/it' in size <7> not available
(Font)              Font shape `T1/phv/m/sl' tried instead on input line 235.
LaTeX Font Info:    Font shape `T1/phv/b/it' in size <7> not available
(Font)              Font shape `T1/phv/b/sl' tried instead on input line 235.
File: libs/logoUFCbackground.png Graphic file (type png)
<use libs/logoUFCbackground.png>
Package pdftex.def Info: libs/logoUFCbackground.png  used on input line 235.
(pdftex.def)             Requested size: 619.131pt x 412.21376pt.
File: libs/emblemufc.pdf Graphic file (type pdf)
<use libs/emblemufc.pdf>
Package pdftex.def Info: libs/emblemufc.pdf  used on input line 235.
(pdftex.def)             Requested size: 80.3047pt x 23.97987pt.
 [14

]
File: libs/logoUFCbackground.png Graphic file (type png)
<use libs/logoUFCbackground.png>
Package pdftex.def Info: libs/logoUFCbackground.png  used on input line 249.
(pdftex.def)             Requested size: 619.131pt x 412.21376pt.
File: libs/emblemufc.pdf Graphic file (type pdf)
<use libs/emblemufc.pdf>
Package pdftex.def Info: libs/emblemufc.pdf  used on input line 249.
(pdftex.def)             Requested size: 80.3047pt x 23.97987pt.
 [15

]

pdfTeX warning: pdflatex (file ./figuras/diagrama-atividades2linhas.pdf): PDF inclusion: found PDF version <1.7>, but at most version <1.5> allowed
<figuras/diagrama-atividades2linhas.pdf, id=2025, 853.1875pt x 241.90375pt>
File: figuras/diagrama-atividades2linhas.pdf Graphic file (type pdf)
<use figuras/diagrama-atividades2linhas.pdf>
Package pdftex.def Info: figuras/diagrama-atividades2linhas.pdf  used on input line 260.
(pdftex.def)             Requested size: 307.28987pt x 87.12589pt.
File: libs/logoUFCbackground.png Graphic file (type png)
<use libs/logoUFCbackground.png>
Package pdftex.def Info: libs/logoUFCbackground.png  used on input line 260.
(pdftex.def)             Requested size: 619.131pt x 412.21376pt.
File: libs/emblemufc.pdf Graphic file (type pdf)
<use libs/emblemufc.pdf>
Package pdftex.def Info: libs/emblemufc.pdf  used on input line 260.
(pdftex.def)             Requested size: 80.3047pt x 23.97987pt.
[16

 <./figuras/diagrama-atividades2linhas.pdf>]
File: libs/logoUFCbackground.png Graphic file (type png)
<use libs/logoUFCbackground.png>
Package pdftex.def Info: libs/logoUFCbackground.png  used on input line 283.
(pdftex.def)             Requested size: 619.131pt x 412.21376pt.
File: libs/emblemufc.pdf Graphic file (type pdf)
<use libs/emblemufc.pdf>
Package pdftex.def Info: libs/emblemufc.pdf  used on input line 283.
(pdftex.def)             Requested size: 80.3047pt x 23.97987pt.
 [17

]
<figuras/diagama-soft-alvo.png, id=2487, 1108.14pt x 275.0275pt>
File: figuras/diagama-soft-alvo.png Graphic file (type png)
<use figuras/diagama-soft-alvo.png>
Package pdftex.def Info: figuras/diagama-soft-alvo.png  used on input line 295.
(pdftex.def)             Requested size: 307.28987pt x 76.26437pt.
File: libs/logoUFCbackground.png Graphic file (type png)
<use libs/logoUFCbackground.png>
Package pdftex.def Info: libs/logoUFCbackground.png  used on input line 295.
(pdftex.def)             Requested size: 619.131pt x 412.21376pt.
File: libs/emblemufc.pdf Graphic file (type pdf)
<use libs/emblemufc.pdf>
Package pdftex.def Info: libs/emblemufc.pdf  used on input line 295.
(pdftex.def)             Requested size: 80.3047pt x 23.97987pt.
 [18

 <./figuras/diagama-soft-alvo.png (PNG copy)>]
Overfull \hbox (3.42705pt too wide) in paragraph at lines 313--313
 [] 
 []

LaTeX Font Info:    Font shape `T1/phv/m/it' in size <14.4> not available
(Font)              Font shape `T1/phv/m/sl' tried instead on input line 313.
File: libs/logoUFCbackground.png Graphic file (type png)
<use libs/logoUFCbackground.png>
Package pdftex.def Info: libs/logoUFCbackground.png  used on input line 313.
(pdftex.def)             Requested size: 619.131pt x 412.21376pt.
File: libs/emblemufc.pdf Graphic file (type pdf)
<use libs/emblemufc.pdf>
Package pdftex.def Info: libs/emblemufc.pdf  used on input line 313.
(pdftex.def)             Requested size: 80.3047pt x 23.97987pt.
[19

]
File: libs/logoUFCbackground.png Graphic file (type png)
<use libs/logoUFCbackground.png>
Package pdftex.def Info: libs/logoUFCbackground.png  used on input line 335.
(pdftex.def)             Requested size: 619.131pt x 412.21376pt.
File: libs/emblemufc.pdf Graphic file (type pdf)
<use libs/emblemufc.pdf>
Package pdftex.def Info: libs/emblemufc.pdf  used on input line 335.
(pdftex.def)             Requested size: 80.3047pt x 23.97987pt.
 [20

]

pdfTeX warning: pdflatex (file ./figuras/fluxo-requisicoes-testes.pdf): PDF inclusion: found PDF version <1.7>, but at most version <1.5> allowed
<figuras/fluxo-requisicoes-testes.pdf, id=2821, 927.465pt x 256.96pt>
File: figuras/fluxo-requisicoes-testes.pdf Graphic file (type pdf)
<use figuras/fluxo-requisicoes-testes.pdf>
Package pdftex.def Info: figuras/fluxo-requisicoes-testes.pdf  used on input line 356.
(pdftex.def)             Requested size: 307.28987pt x 85.13817pt.
File: libs/logoUFCbackground.png Graphic file (type png)
<use libs/logoUFCbackground.png>
Package pdftex.def Info: libs/logoUFCbackground.png  used on input line 356.
(pdftex.def)             Requested size: 619.131pt x 412.21376pt.
File: libs/emblemufc.pdf Graphic file (type pdf)
<use libs/emblemufc.pdf>
Package pdftex.def Info: libs/emblemufc.pdf  used on input line 356.
(pdftex.def)             Requested size: 80.3047pt x 23.97987pt.
[21

 <./figuras/fluxo-requisicoes-testes.pdf>]
File: libs/logoUFCbackground.png Graphic file (type png)
<use libs/logoUFCbackground.png>
Package pdftex.def Info: libs/logoUFCbackground.png  used on input line 407.
(pdftex.def)             Requested size: 619.131pt x 412.21376pt.
File: libs/emblemufc.pdf Graphic file (type pdf)
<use libs/emblemufc.pdf>
Package pdftex.def Info: libs/emblemufc.pdf  used on input line 407.
(pdftex.def)             Requested size: 80.3047pt x 23.97987pt.
 [22

]
Overfull \hbox (12.43732pt too wide) in paragraph at lines 428--428
 [] 
 []

File: libs/logoUFCbackground.png Graphic file (type png)
<use libs/logoUFCbackground.png>
Package pdftex.def Info: libs/logoUFCbackground.png  used on input line 428.
(pdftex.def)             Requested size: 619.131pt x 412.21376pt.
File: libs/emblemufc.pdf Graphic file (type pdf)
<use libs/emblemufc.pdf>
Package pdftex.def Info: libs/emblemufc.pdf  used on input line 428.
(pdftex.def)             Requested size: 80.3047pt x 23.97987pt.
[23

]
Overfull \hbox (15.98752pt too wide) in paragraph at lines 447--447
 [] 
 []

File: libs/logoUFCbackground.png Graphic file (type png)
<use libs/logoUFCbackground.png>
Package pdftex.def Info: libs/logoUFCbackground.png  used on input line 447.
(pdftex.def)             Requested size: 619.131pt x 412.21376pt.
File: libs/emblemufc.pdf Graphic file (type pdf)
<use libs/emblemufc.pdf>
Package pdftex.def Info: libs/emblemufc.pdf  used on input line 447.
(pdftex.def)             Requested size: 80.3047pt x 23.97987pt.
[24

]
File: libs/logoUFCbackground.png Graphic file (type png)
<use libs/logoUFCbackground.png>
Package pdftex.def Info: libs/logoUFCbackground.png  used on input line 461.
(pdftex.def)             Requested size: 619.131pt x 412.21376pt.
File: libs/emblemufc.pdf Graphic file (type pdf)
<use libs/emblemufc.pdf>
Package pdftex.def Info: libs/emblemufc.pdf  used on input line 461.
(pdftex.def)             Requested size: 80.3047pt x 23.97987pt.
 [25

]
File: libs/logoUFCbackground.png Graphic file (type png)
<use libs/logoUFCbackground.png>
Package pdftex.def Info: libs/logoUFCbackground.png  used on input line 476.
(pdftex.def)             Requested size: 619.131pt x 412.21376pt.
File: libs/emblemufc.pdf Graphic file (type pdf)
<use libs/emblemufc.pdf>
Package pdftex.def Info: libs/emblemufc.pdf  used on input line 476.
(pdftex.def)             Requested size: 80.3047pt x 23.97987pt.
 [26

]
File: libs/logoUFCbackground.png Graphic file (type png)
<use libs/logoUFCbackground.png>
Package pdftex.def Info: libs/logoUFCbackground.png  used on input line 483.
(pdftex.def)             Requested size: 619.131pt x 412.21376pt.
File: libs/emblemufc.pdf Graphic file (type pdf)
<use libs/emblemufc.pdf>
Package pdftex.def Info: libs/emblemufc.pdf  used on input line 483.
(pdftex.def)             Requested size: 80.3047pt x 23.97987pt.
 [27

]
File: libs/logoUFCbackground.png Graphic file (type png)
<use libs/logoUFCbackground.png>
Package pdftex.def Info: libs/logoUFCbackground.png  used on input line 493.
(pdftex.def)             Requested size: 619.131pt x 412.21376pt.
File: libs/emblemufc.pdf Graphic file (type pdf)
<use libs/emblemufc.pdf>
Package pdftex.def Info: libs/emblemufc.pdf  used on input line 493.
(pdftex.def)             Requested size: 80.3047pt x 23.97987pt.
 [28

]

pdfTeX warning: pdflatex (file ./figuras/resultados/consumo-recursos-pico.pdf): PDF inclusion: found PDF version <1.7>, but at most version <1.5> allowed
<figuras/resultados/consumo-recursos-pico.pdf, id=3935, 1023.825pt x 317.185pt>
File: figuras/resultados/consumo-recursos-pico.pdf Graphic file (type pdf)
<use figuras/resultados/consumo-recursos-pico.pdf>
Package pdftex.def Info: figuras/resultados/consumo-recursos-pico.pdf  used on input line 506.
(pdftex.def)             Requested size: 307.28987pt x 95.19978pt.
File: libs/logoUFCbackground.png Graphic file (type png)
<use libs/logoUFCbackground.png>
Package pdftex.def Info: libs/logoUFCbackground.png  used on input line 506.
(pdftex.def)             Requested size: 619.131pt x 412.21376pt.
File: libs/emblemufc.pdf Graphic file (type pdf)
<use libs/emblemufc.pdf>
Package pdftex.def Info: libs/emblemufc.pdf  used on input line 506.
(pdftex.def)             Requested size: 80.3047pt x 23.97987pt.
[29

 <./figuras/resultados/consumo-recursos-pico.pdf>]
File: libs/logoUFCbackground.png Graphic file (type png)
<use libs/logoUFCbackground.png>
Package pdftex.def Info: libs/logoUFCbackground.png  used on input line 512.
(pdftex.def)             Requested size: 619.131pt x 412.21376pt.
File: libs/emblemufc.pdf Graphic file (type pdf)
<use libs/emblemufc.pdf>
Package pdftex.def Info: libs/emblemufc.pdf  used on input line 512.
(pdftex.def)             Requested size: 80.3047pt x 23.97987pt.
 [30

]
<figuras/resultados/spike1-tempo-metodos-totais3.pdf, id=4177, 511.9125pt x 317.185pt>
File: figuras/resultados/spike1-tempo-metodos-totais3.pdf Graphic file (type pdf)
<use figuras/resultados/spike1-tempo-metodos-totais3.pdf>
Package pdftex.def Info: figuras/resultados/spike1-tempo-metodos-totais3.pdf  used on input line 523.
(pdftex.def)             Requested size: 276.559pt x 171.3596pt.

Overfull \vbox (2.33333pt too high) detected at line 523
 []

File: libs/logoUFCbackground.png Graphic file (type png)
<use libs/logoUFCbackground.png>
Package pdftex.def Info: libs/logoUFCbackground.png  used on input line 523.
(pdftex.def)             Requested size: 619.131pt x 412.21376pt.
File: libs/emblemufc.pdf Graphic file (type pdf)
<use libs/emblemufc.pdf>
Package pdftex.def Info: libs/emblemufc.pdf  used on input line 523.
(pdftex.def)             Requested size: 80.3047pt x 23.97987pt.
[31

 <./figuras/resultados/spike1-tempo-metodos-totais3.pdf>]
File: libs/logoUFCbackground.png Graphic file (type png)
<use libs/logoUFCbackground.png>
Package pdftex.def Info: libs/logoUFCbackground.png  used on input line 529.
(pdftex.def)             Requested size: 619.131pt x 412.21376pt.
File: libs/emblemufc.pdf Graphic file (type pdf)
<use libs/emblemufc.pdf>
Package pdftex.def Info: libs/emblemufc.pdf  used on input line 529.
(pdftex.def)             Requested size: 80.3047pt x 23.97987pt.
 [32

]

pdfTeX warning: pdflatex (file ./figuras/resultados/consumo-recursos-crescente.pdf): PDF inclusion: found PDF version <1.7>, but at most version <1.5> allowed
<figuras/resultados/consumo-recursos-crescente.pdf, id=4418, 1023.825pt x 317.185pt>
File: figuras/resultados/consumo-recursos-crescente.pdf Graphic file (type pdf)
<use figuras/resultados/consumo-recursos-crescente.pdf>
Package pdftex.def Info: figuras/resultados/consumo-recursos-crescente.pdf  used on input line 541.
(pdftex.def)             Requested size: 307.28987pt x 95.19978pt.
File: libs/logoUFCbackground.png Graphic file (type png)
<use libs/logoUFCbackground.png>
Package pdftex.def Info: libs/logoUFCbackground.png  used on input line 541.
(pdftex.def)             Requested size: 619.131pt x 412.21376pt.
File: libs/emblemufc.pdf Graphic file (type pdf)
<use libs/emblemufc.pdf>
Package pdftex.def Info: libs/emblemufc.pdf  used on input line 541.
(pdftex.def)             Requested size: 80.3047pt x 23.97987pt.
[33

 <./figuras/resultados/consumo-recursos-crescente.pdf>]
File: libs/logoUFCbackground.png Graphic file (type png)
<use libs/logoUFCbackground.png>
Package pdftex.def Info: libs/logoUFCbackground.png  used on input line 547.
(pdftex.def)             Requested size: 619.131pt x 412.21376pt.
File: libs/emblemufc.pdf Graphic file (type pdf)
<use libs/emblemufc.pdf>
Package pdftex.def Info: libs/emblemufc.pdf  used on input line 547.
(pdftex.def)             Requested size: 80.3047pt x 23.97987pt.
 [34

]
<figuras/resultados/crescente-tempo-metodos-totais3.pdf, id=4660, 511.9125pt x 317.185pt>
File: figuras/resultados/crescente-tempo-metodos-totais3.pdf Graphic file (type pdf)
<use figuras/resultados/crescente-tempo-metodos-totais3.pdf>
Package pdftex.def Info: figuras/resultados/crescente-tempo-metodos-totais3.pdf  used on input line 558.
(pdftex.def)             Requested size: 276.559pt x 171.3596pt.

Overfull \vbox (2.33333pt too high) detected at line 558
 []

File: libs/logoUFCbackground.png Graphic file (type png)
<use libs/logoUFCbackground.png>
Package pdftex.def Info: libs/logoUFCbackground.png  used on input line 558.
(pdftex.def)             Requested size: 619.131pt x 412.21376pt.
File: libs/emblemufc.pdf Graphic file (type pdf)
<use libs/emblemufc.pdf>
Package pdftex.def Info: libs/emblemufc.pdf  used on input line 558.
(pdftex.def)             Requested size: 80.3047pt x 23.97987pt.
[35

 <./figuras/resultados/crescente-tempo-metodos-totais3.pdf>]
File: libs/logoUFCbackground.png Graphic file (type png)
<use libs/logoUFCbackground.png>
Package pdftex.def Info: libs/logoUFCbackground.png  used on input line 564.
(pdftex.def)             Requested size: 619.131pt x 412.21376pt.
File: libs/emblemufc.pdf Graphic file (type pdf)
<use libs/emblemufc.pdf>
Package pdftex.def Info: libs/emblemufc.pdf  used on input line 564.
(pdftex.def)             Requested size: 80.3047pt x 23.97987pt.
 [36

]

pdfTeX warning: pdflatex (file ./figuras/resultados/consumo-recursos-resistencia.pdf): PDF inclusion: found PDF version <1.7>, but at most version <1.5> allowed
<figuras/resultados/consumo-recursos-resistencia.pdf, id=4903, 1023.825pt x 317.185pt>
File: figuras/resultados/consumo-recursos-resistencia.pdf Graphic file (type pdf)
<use figuras/resultados/consumo-recursos-resistencia.pdf>
Package pdftex.def Info: figuras/resultados/consumo-recursos-resistencia.pdf  used on input line 576.
(pdftex.def)             Requested size: 307.28987pt x 95.19978pt.
File: libs/logoUFCbackground.png Graphic file (type png)
<use libs/logoUFCbackground.png>
Package pdftex.def Info: libs/logoUFCbackground.png  used on input line 576.
(pdftex.def)             Requested size: 619.131pt x 412.21376pt.
File: libs/emblemufc.pdf Graphic file (type pdf)
<use libs/emblemufc.pdf>
Package pdftex.def Info: libs/emblemufc.pdf  used on input line 576.
(pdftex.def)             Requested size: 80.3047pt x 23.97987pt.
[37

 <./figuras/resultados/consumo-recursos-resistencia.pdf>]
File: libs/logoUFCbackground.png Graphic file (type png)
<use libs/logoUFCbackground.png>
Package pdftex.def Info: libs/logoUFCbackground.png  used on input line 582.
(pdftex.def)             Requested size: 619.131pt x 412.21376pt.
File: libs/emblemufc.pdf Graphic file (type pdf)
<use libs/emblemufc.pdf>
Package pdftex.def Info: libs/emblemufc.pdf  used on input line 582.
(pdftex.def)             Requested size: 80.3047pt x 23.97987pt.
 [38

]
<figuras/resultados/endurance-tempo-metodos-totais3.pdf, id=5146, 511.9125pt x 317.185pt>
File: figuras/resultados/endurance-tempo-metodos-totais3.pdf Graphic file (type pdf)
<use figuras/resultados/endurance-tempo-metodos-totais3.pdf>
Package pdftex.def Info: figuras/resultados/endurance-tempo-metodos-totais3.pdf  used on input line 593.
(pdftex.def)             Requested size: 276.559pt x 171.3596pt.

Overfull \vbox (2.33333pt too high) detected at line 593
 []

File: libs/logoUFCbackground.png Graphic file (type png)
<use libs/logoUFCbackground.png>
Package pdftex.def Info: libs/logoUFCbackground.png  used on input line 593.
(pdftex.def)             Requested size: 619.131pt x 412.21376pt.
File: libs/emblemufc.pdf Graphic file (type pdf)
<use libs/emblemufc.pdf>
Package pdftex.def Info: libs/emblemufc.pdf  used on input line 593.
(pdftex.def)             Requested size: 80.3047pt x 23.97987pt.
[39

 <./figuras/resultados/endurance-tempo-metodos-totais3.pdf>]
File: libs/logoUFCbackground.png Graphic file (type png)
<use libs/logoUFCbackground.png>
Package pdftex.def Info: libs/logoUFCbackground.png  used on input line 599.
(pdftex.def)             Requested size: 619.131pt x 412.21376pt.
File: libs/emblemufc.pdf Graphic file (type pdf)
<use libs/emblemufc.pdf>
Package pdftex.def Info: libs/emblemufc.pdf  used on input line 599.
(pdftex.def)             Requested size: 80.3047pt x 23.97987pt.
 [40

]
File: libs/logoUFCbackground.png Graphic file (type png)
<use libs/logoUFCbackground.png>
Package pdftex.def Info: libs/logoUFCbackground.png  used on input line 608.
(pdftex.def)             Requested size: 619.131pt x 412.21376pt.
File: libs/emblemufc.pdf Graphic file (type pdf)
<use libs/emblemufc.pdf>
Package pdftex.def Info: libs/emblemufc.pdf  used on input line 608.
(pdftex.def)             Requested size: 80.3047pt x 23.97987pt.
 [41

]

pdfTeX warning: pdflatex (file ./figuras/resultados/start-dotnet-crescente-ex2.pdf): PDF inclusion: found PDF version <1.7>, but at most version <1.5> allowed
<figuras/resultados/start-dotnet-crescente-ex2.pdf, id=5496, 469.75562pt x 401.50012pt>
File: figuras/resultados/start-dotnet-crescente-ex2.pdf Graphic file (type pdf)
<use figuras/resultados/start-dotnet-crescente-ex2.pdf>
Package pdftex.def Info: figuras/resultados/start-dotnet-crescente-ex2.pdf  used on input line 619.
(pdftex.def)             Requested size: 199.73653pt x 170.71187pt.

pdfTeX warning (ext4): destination with the same identifier (name{fig:endurance-tempo-metodos-totais}) has been already used, duplicate ignored
<to be read again> 
                   \relax 
l.619 \end{frame}
                 
Overfull \vbox (1.6856pt too high) detected at line 619
 []

File: libs/logoUFCbackground.png Graphic file (type png)
<use libs/logoUFCbackground.png>
Package pdftex.def Info: libs/logoUFCbackground.png  used on input line 619.
(pdftex.def)             Requested size: 619.131pt x 412.21376pt.
File: libs/emblemufc.pdf Graphic file (type pdf)
<use libs/emblemufc.pdf>
Package pdftex.def Info: libs/emblemufc.pdf  used on input line 619.
(pdftex.def)             Requested size: 80.3047pt x 23.97987pt.
[42

 <./figuras/resultados/start-dotnet-crescente-ex2.pdf>]
<figuras/sbsi2024.png, id=5699, 73.2336pt x 19.272pt>
File: figuras/sbsi2024.png Graphic file (type png)
<use figuras/sbsi2024.png>
Package pdftex.def Info: figuras/sbsi2024.png  used on input line 636.
(pdftex.def)             Requested size: 184.3758pt x 48.5295pt.
File: libs/logoUFCbackground.png Graphic file (type png)
<use libs/logoUFCbackground.png>
Package pdftex.def Info: libs/logoUFCbackground.png  used on input line 636.
(pdftex.def)             Requested size: 619.131pt x 412.21376pt.
File: libs/emblemufc.pdf Graphic file (type pdf)
<use libs/emblemufc.pdf>
Package pdftex.def Info: libs/emblemufc.pdf  used on input line 636.
(pdftex.def)             Requested size: 80.3047pt x 23.97987pt.
 [43

 <./figuras/sbsi2024.png>]
File: libs/logoUFCbackground.png Graphic file (type png)
<use libs/logoUFCbackground.png>
Package pdftex.def Info: libs/logoUFCbackground.png  used on input line 649.
(pdftex.def)             Requested size: 619.131pt x 412.21376pt.
File: libs/emblemufc.pdf Graphic file (type pdf)
<use libs/emblemufc.pdf>
Package pdftex.def Info: libs/emblemufc.pdf  used on input line 649.
(pdftex.def)             Requested size: 80.3047pt x 23.97987pt.
 [44

]
File: libs/logoUFCbackground.png Graphic file (type png)
<use libs/logoUFCbackground.png>
Package pdftex.def Info: libs/logoUFCbackground.png  used on input line 660.
(pdftex.def)             Requested size: 619.131pt x 412.21376pt.
File: libs/emblemufc.pdf Graphic file (type pdf)
<use libs/emblemufc.pdf>
Package pdftex.def Info: libs/emblemufc.pdf  used on input line 660.
(pdftex.def)             Requested size: 80.3047pt x 23.97987pt.
 [45

]
File: libs/logoUFCbackground.png Graphic file (type png)
<use libs/logoUFCbackground.png>
Package pdftex.def Info: libs/logoUFCbackground.png  used on input line 671.
(pdftex.def)             Requested size: 619.131pt x 412.21376pt.
File: libs/emblemufc.pdf Graphic file (type pdf)
<use libs/emblemufc.pdf>
Package pdftex.def Info: libs/emblemufc.pdf  used on input line 671.
(pdftex.def)             Requested size: 80.3047pt x 23.97987pt.
 [46

]
Overfull \hbox (19.23134pt too wide) in paragraph at lines 678--678
[][]\T1/phv/m/n/10 (-20) V.R. Ba-sili e H.D. Rom-bach.[] ^^P  The TAME pro-ject: towards improvement- 
 []

File: libs/logoUFCbackground.png Graphic file (type png)
<use libs/logoUFCbackground.png>
Package pdftex.def Info: libs/logoUFCbackground.png  used on input line 678.
(pdftex.def)             Requested size: 619.131pt x 412.21376pt.
File: libs/emblemufc.pdf Graphic file (type pdf)
<use libs/emblemufc.pdf>
Package pdftex.def Info: libs/emblemufc.pdf  used on input line 678.
(pdftex.def)             Requested size: 80.3047pt x 23.97987pt.
[47

]
File: libs/logoUFCbackground.png Graphic file (type png)
<use libs/logoUFCbackground.png>
Package pdftex.def Info: libs/logoUFCbackground.png  used on input line 678.
(pdftex.def)             Requested size: 619.131pt x 412.21376pt.
File: libs/emblemufc.pdf Graphic file (type pdf)
<use libs/emblemufc.pdf>
Package pdftex.def Info: libs/emblemufc.pdf  used on input line 678.
(pdftex.def)             Requested size: 80.3047pt x 23.97987pt.
 [48


]
File: libs/logoUFCbackground.png Graphic file (type png)
<use libs/logoUFCbackground.png>
Package pdftex.def Info: libs/logoUFCbackground.png  used on input line 692.
(pdftex.def)             Requested size: 619.131pt x 412.21376pt.
File: libs/emblemufc.pdf Graphic file (type pdf)
<use libs/emblemufc.pdf>
Package pdftex.def Info: libs/emblemufc.pdf  used on input line 692.
(pdftex.def)             Requested size: 80.3047pt x 23.97987pt.
 [49

]
\tf@nav=\write8
\openout8 = `document.nav'.

\tf@toc=\write9
\openout9 = `document.toc'.

\tf@snm=\write10
\openout10 = `document.snm'.

 (document.aux)
 ***********
LaTeX2e <2023-11-01>
L3 programming layer <2023-11-09>
 ***********


LaTeX Warning: There were multiply-defined labels.

Package rerunfilecheck Info: File `document.out' has not changed.
(rerunfilecheck)             Checksum: F5508236B1D04DAEDEFF9520513E29CB;1264.
Package logreq Info: Writing requests to 'document.run.xml'.
\openout1 = `document.run.xml'.

 ) 
Here is how much of TeX's memory you used:
 41342 strings out of 474587
 795884 string characters out of 5762108
 1964558 words of memory out of 5000000
 62491 multiletter control sequences out of 15000+600000
 633220 words of font info for 207 fonts, out of 8000000 for 9000
 1141 hyphenation exceptions out of 8191
 142i,19n,137p,1029b,1969s stack positions out of 10000i,1000n,20000p,200000b,200000s
 <C:\Users\klayv\AppData\Local\MiKTeX\fonts/pk/ljfour/jknappen/ec/dpi600\ectt1200.pk> <C:\Users\klayv\AppData\Local\MiKTeX\fonts/pk/ljfour/jknappen/ec/dpi600\ectt1000.pk> <C:\Users\klayv\AppData\Local\MiKTeX\fonts/pk/ljfour/jknappen/ec/dpi600\ectt0800.pk><P:/MiKTeX/fonts/type1/urw/helvetic/uhvb8a.pfb><P:/MiKTeX/fonts/type1/urw/helvetic/uhvbo8a.pfb><P:/MiKTeX/fonts/type1/urw/helvetic/uhvr8a.pfb><P:/MiKTeX/fonts/type1/urw/helvetic/uhvro8a.pfb>
Output written on document.pdf (49 pages, 3473586 bytes).
PDF statistics:
 6529 PDF objects out of 7423 (max. 8388607)
 133 named destinations out of 1000 (max. 500000)
 82376 words of extra memory for PDF output out of 89155 (max. 10000000)

