INFO:  latexindent.pl version 3.23.4, 2023-11-19, a script to indent .tex files
       latexindent.pl lives here: P:/MiKTeX/scripts/latexindent/
       Thu Nov 23 19:51:31 2023
       Filename: x:/TCC/TCC-apresentacao/libs/__latexindent_temp_ufc_format.cls
INFO:  Processing switches:
       -y|--yaml: YAML settings specified via command line
       -c|--cruft: cruft directory
INFO:  Directory for backup files and x:/TCC/TCC-apresentacao//indent.log:
       x:/TCC/TCC-apresentacao/
INFO:  Perl modules are being loaded from the following directories:
       P:/perl/lib/FindBin.pm
       P:/perl/vendor/lib/YAML/Tiny.pm
       P:/perl/lib/File/Copy.pm
       P:/perl/lib/File/Basename.pm
       P:/perl/lib/Getopt/Long.pm
       P:/perl/vendor/lib/File/HomeDir.pm
INFO:  LatexIndent perl modules are being loaded from, for example:
       P:/MiKTeX/scripts/latexindent/LatexIndent/Document.pm
INFO:  YAML settings read: defaultSettings.yaml
       Reading defaultSettings.yaml from P:/MiKTeX/scripts/latexindent/defaultSettings.yaml
INFO:  YAML reading settings
       Home directory is C:\Users\klayv
       latexindent.pl didn't find indentconfig.yaml or .indentconfig.yaml
       see all possible locations: https://latexindentpl.readthedocs.io/en/latest/sec-appendices.html#indentconfig-options)
INFO:  YAML settings read: -y switch
       YAML setting: defaultIndent:'  '
       single-quoted string found in -y switch: '  ', substitute to   
       Updating mainSettings with defaultIndent:   
INFO:  Phase 1: searching for objects
INFO:  Phase 2: finding surrounding indentation
INFO:  Phase 3: indenting objects
INFO:  Phase 4: final indentation check
INFO:  Output routine:
       Not outputting to file; see -w and -o switches for more options.
       --------------
INFO:  Please direct all communication/issues to:
        https://github.com/cmhughes/latexindent.pl
